{"C:\\Users\\rouni\\Desktop\\analytics-dashboard\\src\\App.jsx": {"path":"C:\\Users\\rouni\\Desktop\\analytics-dashboard\\src\\App.jsx","statementMap":{"0":{"start":{"line":25,"column":20},"end":{"line":48,"column":1}},"1":{"start":{"line":26,"column":2},"end":{"line":47,"column":15}},"2":{"start":{"line":50,"column":0},"end":{"line":58,"column":2}},"3":{"start":{"line":64,"column":75},"end":{"line":64,"column":88}},"4":{"start":{"line":65,"column":54},"end":{"line":65,"column":69}},"5":{"start":{"line":66,"column":40},"end":{"line":66,"column":59}},"6":{"start":{"line":68,"column":30},"end":{"line":70,"column":8}},"7":{"start":{"line":69,"column":4},"end":{"line":69,"column":41}},"8":{"start":{"line":69,"column":34},"end":{"line":69,"column":39}},"9":{"start":{"line":72,"column":27},"end":{"line":75,"column":8}},"10":{"start":{"line":73,"column":28},"end":{"line":73,"column":50}},"11":{"start":{"line":74,"column":4},"end":{"line":74,"column":36}},"12":{"start":{"line":78,"column":4},"end":{"line":85,"column":6}},"13":{"start":{"line":89,"column":4},"end":{"line":93,"column":6}},"14":{"start":{"line":96,"column":2},"end":{"line":113,"column":4}}},"fnMap":{"0":{"name":"(anonymous_0)","decl":{"start":{"line":25,"column":20},"end":{"line":25,"column":21}},"loc":{"start":{"line":26,"column":2},"end":{"line":47,"column":15}},"line":26},"1":{"name":"App","decl":{"start":{"line":63,"column":9},"end":{"line":63,"column":12}},"loc":{"start":{"line":63,"column":15},"end":{"line":114,"column":1}},"line":63},"2":{"name":"(anonymous_2)","decl":{"start":{"line":68,"column":42},"end":{"line":68,"column":43}},"loc":{"start":{"line":68,"column":48},"end":{"line":70,"column":3}},"line":68},"3":{"name":"(anonymous_3)","decl":{"start":{"line":69,"column":26},"end":{"line":69,"column":27}},"loc":{"start":{"line":69,"column":34},"end":{"line":69,"column":39}},"line":69},"4":{"name":"(anonymous_4)","decl":{"start":{"line":72,"column":39},"end":{"line":72,"column":40}},"loc":{"start":{"line":72,"column":51},"end":{"line":75,"column":3}},"line":72}},"branchMap":{"0":{"loc":{"start":{"line":42,"column":5},"end":{"line":46,"column":5}},"type":"cond-expr","locations":[{"start":{"line":43,"column":6},"end":{"line":43,"column":54}},{"start":{"line":45,"column":6},"end":{"line":45,"column":40}}],"line":42}},"s":{"0":1,"1":32,"2":1,"3":32,"4":32,"5":32,"6":32,"7":1,"8":1,"9":32,"10":11,"11":11,"12":32,"13":32,"14":32},"f":{"0":32,"1":32,"2":1,"3":1,"4":11},"b":{"0":[7,25]},"_coverageSchema":"1a1c01bbd47fc00a2c39e90264f33305004495a9","hash":"8d6269228866dc11667d8177ceed323d708693c8"}
,"C:\\Users\\rouni\\Desktop\\analytics-dashboard\\src\\components\\Dashboard.jsx": {"path":"C:\\Users\\rouni\\Desktop\\analytics-dashboard\\src\\components\\Dashboard.jsx","statementMap":{"0":{"start":{"line":15,"column":18},"end":{"line":150,"column":1}},"1":{"start":{"line":16,"column":69},"end":{"line":16,"column":73}},"2":{"start":{"line":18,"column":2},"end":{"line":149,"column":4}},"3":{"start":{"line":47,"column":31},"end":{"line":52,"column":15}},"4":{"start":{"line":55,"column":33},"end":{"line":60,"column":15}},"5":{"start":{"line":62,"column":14},"end":{"line":74,"column":16}}},"fnMap":{"0":{"name":"(anonymous_0)","decl":{"start":{"line":15,"column":18},"end":{"line":15,"column":19}},"loc":{"start":{"line":15,"column":32},"end":{"line":150,"column":1}},"line":15},"1":{"name":"(anonymous_1)","decl":{"start":{"line":45,"column":33},"end":{"line":45,"column":34}},"loc":{"start":{"line":45,"column":50},"end":{"line":75,"column":13}},"line":45}},"branchMap":{},"s":{"0":1,"1":17,"2":17,"3":58,"4":58,"5":58},"f":{"0":17,"1":58},"b":{},"_coverageSchema":"1a1c01bbd47fc00a2c39e90264f33305004495a9","hash":"518824ba51ff9d45f8ae2456dfb774681211656d"}
,"C:\\Users\\rouni\\Desktop\\analytics-dashboard\\src\\components\\ErrorBoundary.jsx": {"path":"C:\\Users\\rouni\\Desktop\\analytics-dashboard\\src\\components\\ErrorBoundary.jsx","statementMap":{"0":{"start":{"line":10,"column":4},"end":{"line":10,"column":17}},"1":{"start":{"line":11,"column":4},"end":{"line":15,"column":6}},"2":{"start":{"line":20,"column":4},"end":{"line":20,"column":30}},"3":{"start":{"line":25,"column":4},"end":{"line":25,"column":70}},"4":{"start":{"line":27,"column":4},"end":{"line":30,"column":7}},"5":{"start":{"line":36,"column":16},"end":{"line":42,"column":3}},"6":{"start":{"line":37,"column":4},"end":{"line":41,"column":7}},"7":{"start":{"line":45,"column":4},"end":{"line":115,"column":5}},"8":{"start":{"line":47,"column":6},"end":{"line":49,"column":7}},"9":{"start":{"line":48,"column":8},"end":{"line":48,"column":35}},"10":{"start":{"line":52,"column":6},"end":{"line":114,"column":8}},"11":{"start":{"line":106,"column":31},"end":{"line":106,"column":55}},"12":{"start":{"line":117,"column":4},"end":{"line":117,"column":31}},"13":{"start":{"line":121,"column":0},"end":{"line":124,"column":2}}},"fnMap":{"0":{"name":"(anonymous_0)","decl":{"start":{"line":9,"column":2},"end":{"line":9,"column":3}},"loc":{"start":{"line":9,"column":21},"end":{"line":16,"column":3}},"line":9},"1":{"name":"(anonymous_1)","decl":{"start":{"line":18,"column":2},"end":{"line":18,"column":3}},"loc":{"start":{"line":18,"column":41},"end":{"line":21,"column":3}},"line":18},"2":{"name":"(anonymous_2)","decl":{"start":{"line":23,"column":2},"end":{"line":23,"column":3}},"loc":{"start":{"line":23,"column":38},"end":{"line":34,"column":3}},"line":23},"3":{"name":"(anonymous_3)","decl":{"start":{"line":36,"column":16},"end":{"line":36,"column":17}},"loc":{"start":{"line":36,"column":22},"end":{"line":42,"column":3}},"line":36},"4":{"name":"(anonymous_4)","decl":{"start":{"line":44,"column":2},"end":{"line":44,"column":3}},"loc":{"start":{"line":44,"column":11},"end":{"line":118,"column":3}},"line":44},"5":{"name":"(anonymous_5)","decl":{"start":{"line":106,"column":25},"end":{"line":106,"column":26}},"loc":{"start":{"line":106,"column":31},"end":{"line":106,"column":55}},"line":106}},"branchMap":{"0":{"loc":{"start":{"line":45,"column":4},"end":{"line":115,"column":5}},"type":"if","locations":[{"start":{"line":45,"column":4},"end":{"line":115,"column":5}},{"start":{},"end":{}}],"line":45},"1":{"loc":{"start":{"line":47,"column":6},"end":{"line":49,"column":7}},"type":"if","locations":[{"start":{"line":47,"column":6},"end":{"line":49,"column":7}},{"start":{},"end":{}}],"line":47},"2":{"loc":{"start":{"line":84,"column":13},"end":{"line":96,"column":13}},"type":"binary-expr","locations":[{"start":{"line":84,"column":13},"end":{"line":84,"column":51}},{"start":{"line":84,"column":55},"end":{"line":84,"column":71}},{"start":{"line":85,"column":14},"end":{"line":95,"column":24}}],"line":84}},"s":{"0":40,"1":39,"2":20,"3":10,"4":10,"5":39,"6":1,"7":84,"8":31,"9":3,"10":28,"11":0,"12":53,"13":2},"f":{"0":40,"1":20,"2":10,"3":1,"4":84,"5":0},"b":{"0":[31,53],"1":[3,28],"2":[28,3,1]},"_coverageSchema":"1a1c01bbd47fc00a2c39e90264f33305004495a9","hash":"3b494a15919f1b0648ab4529bd291dce1a00af77"}
,"C:\\Users\\rouni\\Desktop\\analytics-dashboard\\src\\components\\OrdersPage.jsx": {"path":"C:\\Users\\rouni\\Desktop\\analytics-dashboard\\src\\components\\OrdersPage.jsx","statementMap":{"0":{"start":{"line":15,"column":19},"end":{"line":123,"column":1}},"1":{"start":{"line":17,"column":46},"end":{"line":17,"column":61}},"2":{"start":{"line":20,"column":25},"end":{"line":20,"column":50}},"3":{"start":{"line":21,"column":20},"end":{"line":21,"column":62}},"4":{"start":{"line":42,"column":6},"end":{"line":42,"column":20}},"5":{"start":{"line":44,"column":61},"end":{"line":44,"column":70}},"6":{"start":{"line":47,"column":29},"end":{"line":50,"column":3}},"7":{"start":{"line":48,"column":4},"end":{"line":48,"column":28}},"8":{"start":{"line":49,"column":4},"end":{"line":49,"column":22}},"9":{"start":{"line":53,"column":27},"end":{"line":55,"column":3}},"10":{"start":{"line":54,"column":4},"end":{"line":54,"column":25}},"11":{"start":{"line":58,"column":29},"end":{"line":60,"column":3}},"12":{"start":{"line":59,"column":4},"end":{"line":59,"column":28}},"13":{"start":{"line":62,"column":30},"end":{"line":64,"column":3}},"14":{"start":{"line":63,"column":4},"end":{"line":63,"column":29}},"15":{"start":{"line":66,"column":25},"end":{"line":69,"column":3}},"16":{"start":{"line":68,"column":4},"end":{"line":68,"column":38}},"17":{"start":{"line":71,"column":2},"end":{"line":122,"column":4}}},"fnMap":{"0":{"name":"(anonymous_0)","decl":{"start":{"line":15,"column":19},"end":{"line":15,"column":20}},"loc":{"start":{"line":15,"column":39},"end":{"line":123,"column":1}},"line":15},"1":{"name":"(anonymous_1)","decl":{"start":{"line":47,"column":29},"end":{"line":47,"column":30}},"loc":{"start":{"line":47,"column":41},"end":{"line":50,"column":3}},"line":47},"2":{"name":"(anonymous_2)","decl":{"start":{"line":53,"column":27},"end":{"line":53,"column":28}},"loc":{"start":{"line":53,"column":37},"end":{"line":55,"column":3}},"line":53},"3":{"name":"(anonymous_3)","decl":{"start":{"line":58,"column":29},"end":{"line":58,"column":30}},"loc":{"start":{"line":58,"column":35},"end":{"line":60,"column":3}},"line":58},"4":{"name":"(anonymous_4)","decl":{"start":{"line":62,"column":30},"end":{"line":62,"column":31}},"loc":{"start":{"line":62,"column":36},"end":{"line":64,"column":3}},"line":62},"5":{"name":"(anonymous_5)","decl":{"start":{"line":66,"column":25},"end":{"line":66,"column":26}},"loc":{"start":{"line":66,"column":39},"end":{"line":69,"column":3}},"line":66}},"branchMap":{},"s":{"0":1,"1":25,"2":25,"3":25,"4":25,"5":25,"6":25,"7":0,"8":0,"9":25,"10":1,"11":25,"12":3,"13":25,"14":1,"15":25,"16":1,"17":25},"f":{"0":25,"1":0,"2":1,"3":3,"4":1,"5":1},"b":{},"_coverageSchema":"1a1c01bbd47fc00a2c39e90264f33305004495a9","hash":"d514e834d8711ae08ac4ef76aba826df4825701a"}
,"C:\\Users\\rouni\\Desktop\\analytics-dashboard\\src\\components\\charts\\BarChart.jsx": {"path":"C:\\Users\\rouni\\Desktop\\analytics-dashboard\\src\\components\\charts\\BarChart.jsx","statementMap":{"0":{"start":{"line":14,"column":17},"end":{"line":136,"column":2}},"1":{"start":{"line":15,"column":18},"end":{"line":117,"column":3}},"2":{"start":{"line":74,"column":10},"end":{"line":76,"column":11}},"3":{"start":{"line":75,"column":12},"end":{"line":75,"column":31}},"4":{"start":{"line":77,"column":10},"end":{"line":77,"column":20}},"5":{"start":{"line":114,"column":28},"end":{"line":114,"column":37}},"6":{"start":{"line":119,"column":2},"end":{"line":135,"column":4}},"7":{"start":{"line":138,"column":0},"end":{"line":143,"column":2}},"8":{"start":{"line":145,"column":0},"end":{"line":145,"column":34}}},"fnMap":{"0":{"name":"(anonymous_0)","decl":{"start":{"line":14,"column":28},"end":{"line":14,"column":29}},"loc":{"start":{"line":14,"column":74},"end":{"line":136,"column":1}},"line":14},"1":{"name":"(anonymous_1)","decl":{"start":{"line":73,"column":19},"end":{"line":73,"column":20}},"loc":{"start":{"line":73,"column":30},"end":{"line":78,"column":9}},"line":73},"2":{"name":"(anonymous_2)","decl":{"start":{"line":114,"column":19},"end":{"line":114,"column":20}},"loc":{"start":{"line":114,"column":28},"end":{"line":114,"column":37}},"line":114}},"branchMap":{"0":{"loc":{"start":{"line":14,"column":58},"end":{"line":14,"column":67}},"type":"default-arg","locations":[{"start":{"line":14,"column":66},"end":{"line":14,"column":67}}],"line":14},"1":{"loc":{"start":{"line":74,"column":10},"end":{"line":76,"column":11}},"type":"if","locations":[{"start":{"line":74,"column":10},"end":{"line":76,"column":11}},{"start":{},"end":{}}],"line":74}},"s":{"0":1,"1":21,"2":0,"3":0,"4":0,"5":0,"6":21,"7":1,"8":1},"f":{"0":21,"1":0,"2":0},"b":{"0":[0],"1":[0,0]},"_coverageSchema":"1a1c01bbd47fc00a2c39e90264f33305004495a9","hash":"cef101451e24f795d729fe163ee520b371ca1c9c"}
,"C:\\Users\\rouni\\Desktop\\analytics-dashboard\\src\\components\\charts\\DonutChart.jsx": {"path":"C:\\Users\\rouni\\Desktop\\analytics-dashboard\\src\\components\\charts\\DonutChart.jsx","statementMap":{"0":{"start":{"line":15,"column":19},"end":{"line":131,"column":2}},"1":{"start":{"line":16,"column":18},"end":{"line":73,"column":3}},"2":{"start":{"line":70,"column":28},"end":{"line":70,"column":48}},"3":{"start":{"line":77,"column":23},"end":{"line":108,"column":3}},"4":{"start":{"line":79,"column":4},"end":{"line":81,"column":5}},"5":{"start":{"line":80,"column":6},"end":{"line":80,"column":18}},"6":{"start":{"line":83,"column":4},"end":{"line":107,"column":6}},"7":{"start":{"line":86,"column":30},"end":{"line":86,"column":43}},"8":{"start":{"line":87,"column":10},"end":{"line":89,"column":11}},"9":{"start":{"line":88,"column":12},"end":{"line":88,"column":24}},"10":{"start":{"line":91,"column":10},"end":{"line":104,"column":12}},"11":{"start":{"line":110,"column":2},"end":{"line":130,"column":4}},"12":{"start":{"line":133,"column":0},"end":{"line":139,"column":2}},"13":{"start":{"line":141,"column":0},"end":{"line":141,"column":38}}},"fnMap":{"0":{"name":"(anonymous_0)","decl":{"start":{"line":15,"column":30},"end":{"line":15,"column":31}},"loc":{"start":{"line":15,"column":85},"end":{"line":131,"column":1}},"line":15},"1":{"name":"(anonymous_1)","decl":{"start":{"line":70,"column":19},"end":{"line":70,"column":20}},"loc":{"start":{"line":70,"column":28},"end":{"line":70,"column":48}},"line":70},"2":{"name":"(anonymous_2)","decl":{"start":{"line":77,"column":23},"end":{"line":77,"column":24}},"loc":{"start":{"line":77,"column":29},"end":{"line":108,"column":3}},"line":77},"3":{"name":"(anonymous_3)","decl":{"start":{"line":85,"column":20},"end":{"line":85,"column":21}},"loc":{"start":{"line":85,"column":38},"end":{"line":105,"column":9}},"line":85}},"branchMap":{"0":{"loc":{"start":{"line":15,"column":69},"end":{"line":15,"column":78}},"type":"default-arg","locations":[{"start":{"line":15,"column":77},"end":{"line":15,"column":78}}],"line":15},"1":{"loc":{"start":{"line":79,"column":4},"end":{"line":81,"column":5}},"type":"if","locations":[{"start":{"line":79,"column":4},"end":{"line":81,"column":5}},{"start":{},"end":{}}],"line":79},"2":{"loc":{"start":{"line":79,"column":8},"end":{"line":79,"column":72}},"type":"binary-expr","locations":[{"start":{"line":79,"column":8},"end":{"line":79,"column":15}},{"start":{"line":79,"column":19},"end":{"line":79,"column":26}},{"start":{"line":79,"column":30},"end":{"line":79,"column":49}},{"start":{"line":79,"column":53},"end":{"line":79,"column":72}}],"line":79},"3":{"loc":{"start":{"line":87,"column":10},"end":{"line":89,"column":11}},"type":"if","locations":[{"start":{"line":87,"column":10},"end":{"line":89,"column":11}},{"start":{},"end":{}}],"line":87},"4":{"loc":{"start":{"line":87,"column":14},"end":{"line":87,"column":63}},"type":"binary-expr","locations":[{"start":{"line":87,"column":14},"end":{"line":87,"column":39}},{"start":{"line":87,"column":43},"end":{"line":87,"column":63}}],"line":87}},"s":{"0":1,"1":27,"2":0,"3":27,"4":27,"5":4,"6":23,"7":111,"8":111,"9":2,"10":109,"11":27,"12":1,"13":1},"f":{"0":27,"1":0,"2":27,"3":111},"b":{"0":[0],"1":[4,23],"2":[27,26,25,24],"3":[2,109],"4":[111,109]},"_coverageSchema":"1a1c01bbd47fc00a2c39e90264f33305004495a9","hash":"3b7272c4c6db505c096ff9f6160fd90505130d53"}
,"C:\\Users\\rouni\\Desktop\\analytics-dashboard\\src\\components\\charts\\LineChart.jsx": {"path":"C:\\Users\\rouni\\Desktop\\analytics-dashboard\\src\\components\\charts\\LineChart.jsx","statementMap":{"0":{"start":{"line":13,"column":18},"end":{"line":172,"column":2}},"1":{"start":{"line":15,"column":25},"end":{"line":41,"column":11}},"2":{"start":{"line":16,"column":4},"end":{"line":40,"column":5}},"3":{"start":{"line":18,"column":24},"end":{"line":18,"column":68}},"4":{"start":{"line":19,"column":25},"end":{"line":19,"column":66}},"5":{"start":{"line":21,"column":6},"end":{"line":34,"column":8}},"6":{"start":{"line":36,"column":6},"end":{"line":39,"column":8}},"7":{"start":{"line":43,"column":18},"end":{"line":137,"column":3}},"8":{"start":{"line":98,"column":30},"end":{"line":98,"column":41}},"9":{"start":{"line":127,"column":28},"end":{"line":127,"column":37}},"10":{"start":{"line":139,"column":2},"end":{"line":171,"column":4}},"11":{"start":{"line":151,"column":12},"end":{"line":158,"column":18}},"12":{"start":{"line":174,"column":0},"end":{"line":174,"column":36}}},"fnMap":{"0":{"name":"(anonymous_0)","decl":{"start":{"line":13,"column":29},"end":{"line":13,"column":30}},"loc":{"start":{"line":13,"column":75},"end":{"line":172,"column":1}},"line":13},"1":{"name":"(anonymous_1)","decl":{"start":{"line":15,"column":37},"end":{"line":15,"column":38}},"loc":{"start":{"line":15,"column":54},"end":{"line":41,"column":3}},"line":15},"2":{"name":"(anonymous_2)","decl":{"start":{"line":98,"column":19},"end":{"line":98,"column":20}},"loc":{"start":{"line":98,"column":30},"end":{"line":98,"column":41}},"line":98},"3":{"name":"(anonymous_3)","decl":{"start":{"line":127,"column":19},"end":{"line":127,"column":20}},"loc":{"start":{"line":127,"column":28},"end":{"line":127,"column":37}},"line":127},"4":{"name":"(anonymous_4)","decl":{"start":{"line":150,"column":23},"end":{"line":150,"column":24}},"loc":{"start":{"line":151,"column":12},"end":{"line":158,"column":18}},"line":151}},"branchMap":{"0":{"loc":{"start":{"line":13,"column":59},"end":{"line":13,"column":68}},"type":"default-arg","locations":[{"start":{"line":13,"column":67},"end":{"line":13,"column":68}}],"line":13},"1":{"loc":{"start":{"line":16,"column":4},"end":{"line":40,"column":5}},"type":"if","locations":[{"start":{"line":16,"column":4},"end":{"line":40,"column":5}},{"start":{"line":35,"column":11},"end":{"line":40,"column":5}}],"line":16}},"s":{"0":1,"1":18,"2":42,"3":13,"4":13,"5":13,"6":29,"7":18,"8":0,"9":0,"10":18,"11":42,"12":1},"f":{"0":18,"1":42,"2":0,"3":0,"4":42},"b":{"0":[0],"1":[13,29]},"_coverageSchema":"1a1c01bbd47fc00a2c39e90264f33305004495a9","hash":"2712c7286e68d6cf1fb18247223b9c7dbc4e57b2"}
,"C:\\Users\\rouni\\Desktop\\analytics-dashboard\\src\\components\\charts\\RevenueByLocation.jsx": {"path":"C:\\Users\\rouni\\Desktop\\analytics-dashboard\\src\\components\\charts\\RevenueByLocation.jsx","statementMap":{"0":{"start":{"line":12,"column":26},"end":{"line":77,"column":1}},"1":{"start":{"line":14,"column":21},"end":{"line":14,"column":99}},"2":{"start":{"line":14,"column":54},"end":{"line":14,"column":97}},"3":{"start":{"line":16,"column":2},"end":{"line":76,"column":4}},"4":{"start":{"line":37,"column":31},"end":{"line":37,"column":79}},"5":{"start":{"line":38,"column":37},"end":{"line":38,"column":70}},"6":{"start":{"line":40,"column":10},"end":{"line":72,"column":12}}},"fnMap":{"0":{"name":"(anonymous_0)","decl":{"start":{"line":12,"column":26},"end":{"line":12,"column":27}},"loc":{"start":{"line":12,"column":63},"end":{"line":77,"column":1}},"line":12},"1":{"name":"(anonymous_1)","decl":{"start":{"line":14,"column":47},"end":{"line":14,"column":48}},"loc":{"start":{"line":14,"column":54},"end":{"line":14,"column":97}},"line":14},"2":{"name":"(anonymous_2)","decl":{"start":{"line":36,"column":23},"end":{"line":36,"column":24}},"loc":{"start":{"line":36,"column":44},"end":{"line":73,"column":9}},"line":36}},"branchMap":{"0":{"loc":{"start":{"line":12,"column":47},"end":{"line":12,"column":56}},"type":"default-arg","locations":[{"start":{"line":12,"column":55},"end":{"line":12,"column":56}}],"line":12}},"s":{"0":0,"1":0,"2":0,"3":0,"4":0,"5":0,"6":0},"f":{"0":0,"1":0,"2":0},"b":{"0":[0]}}
,"C:\\Users\\rouni\\Desktop\\analytics-dashboard\\src\\components\\layout\\Header.jsx": {"path":"C:\\Users\\rouni\\Desktop\\analytics-dashboard\\src\\components\\layout\\Header.jsx","statementMap":{"0":{"start":{"line":19,"column":15},"end":{"line":158,"column":2}},"1":{"start":{"line":20,"column":40},"end":{"line":20,"column":52}},"2":{"start":{"line":21,"column":33},"end":{"line":21,"column":43}},"3":{"start":{"line":23,"column":23},"end":{"line":31,"column":19}},"4":{"start":{"line":24,"column":4},"end":{"line":24,"column":23}},"5":{"start":{"line":26,"column":27},"end":{"line":26,"column":59}},"6":{"start":{"line":27,"column":4},"end":{"line":30,"column":5}},"7":{"start":{"line":29,"column":6},"end":{"line":29,"column":52}},"8":{"start":{"line":34,"column":30},"end":{"line":48,"column":44}},"9":{"start":{"line":35,"column":21},"end":{"line":35,"column":45}},"10":{"start":{"line":37,"column":4},"end":{"line":47,"column":5}},"11":{"start":{"line":39,"column":6},"end":{"line":41,"column":7}},"12":{"start":{"line":40,"column":8},"end":{"line":40,"column":30}},"13":{"start":{"line":44,"column":6},"end":{"line":46,"column":7}},"14":{"start":{"line":45,"column":8},"end":{"line":45,"column":26}},"15":{"start":{"line":51,"column":29},"end":{"line":76,"column":3}},"16":{"start":{"line":52,"column":4},"end":{"line":75,"column":5}},"17":{"start":{"line":54,"column":8},"end":{"line":54,"column":25}},"18":{"start":{"line":56,"column":8},"end":{"line":56,"column":24}},"19":{"start":{"line":58,"column":8},"end":{"line":58,"column":27}},"20":{"start":{"line":60,"column":8},"end":{"line":60,"column":26}},"21":{"start":{"line":62,"column":8},"end":{"line":62,"column":32}},"22":{"start":{"line":64,"column":8},"end":{"line":64,"column":30}},"23":{"start":{"line":66,"column":8},"end":{"line":66,"column":25}},"24":{"start":{"line":68,"column":8},"end":{"line":68,"column":27}},"25":{"start":{"line":70,"column":8},"end":{"line":70,"column":22}},"26":{"start":{"line":72,"column":8},"end":{"line":72,"column":24}},"27":{"start":{"line":74,"column":8},"end":{"line":74,"column":25}},"28":{"start":{"line":78,"column":2},"end":{"line":157,"column":4}},"29":{"start":{"line":121,"column":33},"end":{"line":121,"column":84}},"30":{"start":{"line":141,"column":16},"end":{"line":141,"column":72}},"31":{"start":{"line":142,"column":16},"end":{"line":144,"column":17}},"32":{"start":{"line":143,"column":18},"end":{"line":143,"column":41}},"33":{"start":{"line":160,"column":0},"end":{"line":166,"column":2}},"34":{"start":{"line":168,"column":0},"end":{"line":168,"column":30}}},"fnMap":{"0":{"name":"(anonymous_0)","decl":{"start":{"line":19,"column":26},"end":{"line":19,"column":27}},"loc":{"start":{"line":19,"column":115},"end":{"line":158,"column":1}},"line":19},"1":{"name":"(anonymous_1)","decl":{"start":{"line":23,"column":35},"end":{"line":23,"column":36}},"loc":{"start":{"line":23,"column":42},"end":{"line":31,"column":3}},"line":23},"2":{"name":"(anonymous_2)","decl":{"start":{"line":34,"column":42},"end":{"line":34,"column":43}},"loc":{"start":{"line":34,"column":48},"end":{"line":48,"column":3}},"line":34},"3":{"name":"(anonymous_3)","decl":{"start":{"line":51,"column":29},"end":{"line":51,"column":30}},"loc":{"start":{"line":51,"column":35},"end":{"line":76,"column":3}},"line":51},"4":{"name":"(anonymous_4)","decl":{"start":{"line":121,"column":26},"end":{"line":121,"column":27}},"loc":{"start":{"line":121,"column":33},"end":{"line":121,"column":84}},"line":121},"5":{"name":"(anonymous_5)","decl":{"start":{"line":140,"column":23},"end":{"line":140,"column":24}},"loc":{"start":{"line":140,"column":29},"end":{"line":145,"column":15}},"line":140}},"branchMap":{"0":{"loc":{"start":{"line":27,"column":4},"end":{"line":30,"column":5}},"type":"if","locations":[{"start":{"line":27,"column":4},"end":{"line":30,"column":5}},{"start":{},"end":{}}],"line":27},"1":{"loc":{"start":{"line":37,"column":4},"end":{"line":47,"column":5}},"type":"if","locations":[{"start":{"line":37,"column":4},"end":{"line":47,"column":5}},{"start":{"line":42,"column":11},"end":{"line":47,"column":5}}],"line":37},"2":{"loc":{"start":{"line":39,"column":6},"end":{"line":41,"column":7}},"type":"if","locations":[{"start":{"line":39,"column":6},"end":{"line":41,"column":7}},{"start":{},"end":{}}],"line":39},"3":{"loc":{"start":{"line":44,"column":6},"end":{"line":46,"column":7}},"type":"if","locations":[{"start":{"line":44,"column":6},"end":{"line":46,"column":7}},{"start":{},"end":{}}],"line":44},"4":{"loc":{"start":{"line":52,"column":4},"end":{"line":75,"column":5}},"type":"switch","locations":[{"start":{"line":53,"column":6},"end":{"line":54,"column":25}},{"start":{"line":55,"column":6},"end":{"line":56,"column":24}},{"start":{"line":57,"column":6},"end":{"line":58,"column":27}},{"start":{"line":59,"column":6},"end":{"line":60,"column":26}},{"start":{"line":61,"column":6},"end":{"line":62,"column":32}},{"start":{"line":63,"column":6},"end":{"line":64,"column":30}},{"start":{"line":65,"column":6},"end":{"line":66,"column":25}},{"start":{"line":67,"column":6},"end":{"line":68,"column":27}},{"start":{"line":69,"column":6},"end":{"line":70,"column":22}},{"start":{"line":71,"column":6},"end":{"line":72,"column":24}},{"start":{"line":73,"column":6},"end":{"line":74,"column":25}}],"line":52},"5":{"loc":{"start":{"line":115,"column":58},"end":{"line":115,"column":130}},"type":"cond-expr","locations":[{"start":{"line":115,"column":77},"end":{"line":115,"column":103}},{"start":{"line":115,"column":106},"end":{"line":115,"column":130}}],"line":115},"6":{"loc":{"start":{"line":133,"column":28},"end":{"line":133,"column":62}},"type":"cond-expr","locations":[{"start":{"line":133,"column":48},"end":{"line":133,"column":53}},{"start":{"line":133,"column":56},"end":{"line":133,"column":62}}],"line":133},"7":{"loc":{"start":{"line":133,"column":75},"end":{"line":133,"column":116}},"type":"cond-expr","locations":[{"start":{"line":133,"column":95},"end":{"line":133,"column":104}},{"start":{"line":133,"column":107},"end":{"line":133,"column":116}}],"line":133},"8":{"loc":{"start":{"line":142,"column":16},"end":{"line":144,"column":17}},"type":"if","locations":[{"start":{"line":142,"column":16},"end":{"line":144,"column":17}},{"start":{},"end":{}}],"line":142}},"s":{"0":1,"1":32,"2":32,"3":32,"4":2,"5":2,"6":2,"7":2,"8":32,"9":2,"10":2,"11":1,"12":1,"13":1,"14":1,"15":32,"16":32,"17":29,"18":1,"19":0,"20":1,"21":0,"22":0,"23":0,"24":0,"25":0,"26":0,"27":1,"28":32,"29":14,"30":1,"31":1,"32":1,"33":1,"34":1},"f":{"0":32,"1":2,"2":2,"3":32,"4":14,"5":1},"b":{"0":[2,0],"1":[1,1],"2":[1,0],"3":[1,0],"4":[29,1,0,1,0,0,0,0,0,0,1],"5":[1,31],"6":[31,1],"7":[31,1],"8":[1,0]},"_coverageSchema":"1a1c01bbd47fc00a2c39e90264f33305004495a9","hash":"51fc21aa351aaa3624849e6d0fea38730f63a339"}
,"C:\\Users\\rouni\\Desktop\\analytics-dashboard\\src\\components\\layout\\ResponsiveLayout.jsx": {"path":"C:\\Users\\rouni\\Desktop\\analytics-dashboard\\src\\components\\layout\\ResponsiveLayout.jsx","statementMap":{"0":{"start":{"line":14,"column":25},"end":{"line":147,"column":1}},"1":{"start":{"line":15,"column":52},"end":{"line":15,"column":67}},"2":{"start":{"line":16,"column":54},"end":{"line":16,"column":69}},"3":{"start":{"line":19,"column":2},"end":{"line":35,"column":9}},"4":{"start":{"line":20,"column":28},"end":{"line":26,"column":5}},"5":{"start":{"line":21,"column":6},"end":{"line":25,"column":7}},"6":{"start":{"line":22,"column":8},"end":{"line":22,"column":36}},"7":{"start":{"line":24,"column":8},"end":{"line":24,"column":37}},"8":{"start":{"line":29,"column":4},"end":{"line":29,"column":22}},"9":{"start":{"line":32,"column":4},"end":{"line":32,"column":55}},"10":{"start":{"line":34,"column":4},"end":{"line":34,"column":71}},"11":{"start":{"line":34,"column":17},"end":{"line":34,"column":70}},"12":{"start":{"line":37,"column":28},"end":{"line":39,"column":8}},"13":{"start":{"line":38,"column":4},"end":{"line":38,"column":40}},"14":{"start":{"line":38,"column":33},"end":{"line":38,"column":38}},"15":{"start":{"line":41,"column":29},"end":{"line":47,"column":28}},"16":{"start":{"line":42,"column":4},"end":{"line":42,"column":41}},"17":{"start":{"line":42,"column":34},"end":{"line":42,"column":39}},"18":{"start":{"line":44,"column":4},"end":{"line":46,"column":5}},"19":{"start":{"line":45,"column":6},"end":{"line":45,"column":29}},"20":{"start":{"line":49,"column":2},"end":{"line":146,"column":4}},"21":{"start":{"line":149,"column":0},"end":{"line":154,"column":2}}},"fnMap":{"0":{"name":"(anonymous_0)","decl":{"start":{"line":14,"column":25},"end":{"line":14,"column":26}},"loc":{"start":{"line":14,"column":88},"end":{"line":147,"column":1}},"line":14},"1":{"name":"(anonymous_1)","decl":{"start":{"line":19,"column":12},"end":{"line":19,"column":13}},"loc":{"start":{"line":19,"column":18},"end":{"line":35,"column":3}},"line":19},"2":{"name":"(anonymous_2)","decl":{"start":{"line":20,"column":28},"end":{"line":20,"column":29}},"loc":{"start":{"line":20,"column":34},"end":{"line":26,"column":5}},"line":20},"3":{"name":"(anonymous_3)","decl":{"start":{"line":34,"column":11},"end":{"line":34,"column":12}},"loc":{"start":{"line":34,"column":17},"end":{"line":34,"column":70}},"line":34},"4":{"name":"(anonymous_4)","decl":{"start":{"line":37,"column":40},"end":{"line":37,"column":41}},"loc":{"start":{"line":37,"column":46},"end":{"line":39,"column":3}},"line":37},"5":{"name":"(anonymous_5)","decl":{"start":{"line":38,"column":25},"end":{"line":38,"column":26}},"loc":{"start":{"line":38,"column":33},"end":{"line":38,"column":38}},"line":38},"6":{"name":"(anonymous_6)","decl":{"start":{"line":41,"column":41},"end":{"line":41,"column":42}},"loc":{"start":{"line":41,"column":47},"end":{"line":47,"column":3}},"line":41},"7":{"name":"(anonymous_7)","decl":{"start":{"line":42,"column":26},"end":{"line":42,"column":27}},"loc":{"start":{"line":42,"column":34},"end":{"line":42,"column":39}},"line":42}},"branchMap":{"0":{"loc":{"start":{"line":21,"column":6},"end":{"line":25,"column":7}},"type":"if","locations":[{"start":{"line":21,"column":6},"end":{"line":25,"column":7}},{"start":{"line":23,"column":13},"end":{"line":25,"column":7}}],"line":21},"1":{"loc":{"start":{"line":44,"column":4},"end":{"line":46,"column":5}},"type":"if","locations":[{"start":{"line":44,"column":4},"end":{"line":46,"column":5}},{"start":{},"end":{}}],"line":44},"2":{"loc":{"start":{"line":54,"column":9},"end":{"line":54,"column":93}},"type":"binary-expr","locations":[{"start":{"line":54,"column":9},"end":{"line":54,"column":16}},{"start":{"line":54,"column":20},"end":{"line":54,"column":93}}],"line":54},"3":{"loc":{"start":{"line":59,"column":9},"end":{"line":86,"column":9}},"type":"binary-expr","locations":[{"start":{"line":59,"column":9},"end":{"line":59,"column":26}},{"start":{"line":60,"column":10},"end":{"line":85,"column":13}}],"line":59},"4":{"loc":{"start":{"line":82,"column":17},"end":{"line":82,"column":101}},"type":"binary-expr","locations":[{"start":{"line":82,"column":17},"end":{"line":82,"column":24}},{"start":{"line":82,"column":28},"end":{"line":82,"column":101}}],"line":82},"5":{"loc":{"start":{"line":91,"column":9},"end":{"line":94,"column":10}},"type":"binary-expr","locations":[{"start":{"line":91,"column":9},"end":{"line":91,"column":17}},{"start":{"line":91,"column":21},"end":{"line":94,"column":10}}],"line":91},"6":{"loc":{"start":{"line":99,"column":9},"end":{"line":109,"column":9}},"type":"binary-expr","locations":[{"start":{"line":99,"column":9},"end":{"line":99,"column":27}},{"start":{"line":100,"column":10},"end":{"line":108,"column":23}}],"line":99},"7":{"loc":{"start":{"line":114,"column":9},"end":{"line":142,"column":9}},"type":"binary-expr","locations":[{"start":{"line":114,"column":9},"end":{"line":114,"column":27}},{"start":{"line":115,"column":10},"end":{"line":141,"column":13}}],"line":114}},"s":{"0":1,"1":36,"2":36,"3":36,"4":19,"5":22,"6":1,"7":21,"8":19,"9":19,"10":19,"11":19,"12":36,"13":5,"14":5,"15":36,"16":5,"17":5,"18":5,"19":5,"20":36,"21":1},"f":{"0":36,"1":19,"2":22,"3":19,"4":5,"5":5,"6":5,"7":5},"b":{"0":[1,21],"1":[5,0],"2":[36,35],"3":[36,7],"4":[7,7],"5":[36,35],"6":[36,8],"7":[36,8]},"_coverageSchema":"1a1c01bbd47fc00a2c39e90264f33305004495a9","hash":"b262530b00259194a9d055db36a3bc1601ba2c77"}
,"C:\\Users\\rouni\\Desktop\\analytics-dashboard\\src\\components\\layout\\RightSidebar.jsx": {"path":"C:\\Users\\rouni\\Desktop\\analytics-dashboard\\src\\components\\layout\\RightSidebar.jsx","statementMap":{"0":{"start":{"line":14,"column":21},"end":{"line":85,"column":2}},"1":{"start":{"line":15,"column":2},"end":{"line":84,"column":4}},"2":{"start":{"line":29,"column":14},"end":{"line":35,"column":16}},"3":{"start":{"line":51,"column":14},"end":{"line":57,"column":16}},"4":{"start":{"line":73,"column":14},"end":{"line":78,"column":16}},"5":{"start":{"line":87,"column":0},"end":{"line":87,"column":42}}},"fnMap":{"0":{"name":"(anonymous_0)","decl":{"start":{"line":14,"column":32},"end":{"line":14,"column":33}},"loc":{"start":{"line":14,"column":77},"end":{"line":85,"column":1}},"line":14},"1":{"name":"(anonymous_1)","decl":{"start":{"line":28,"column":39},"end":{"line":28,"column":40}},"loc":{"start":{"line":29,"column":14},"end":{"line":35,"column":16}},"line":29},"2":{"name":"(anonymous_2)","decl":{"start":{"line":50,"column":36},"end":{"line":50,"column":37}},"loc":{"start":{"line":51,"column":14},"end":{"line":57,"column":16}},"line":51},"3":{"name":"(anonymous_3)","decl":{"start":{"line":72,"column":34},"end":{"line":72,"column":35}},"loc":{"start":{"line":73,"column":14},"end":{"line":78,"column":16}},"line":73}},"branchMap":{"0":{"loc":{"start":{"line":25,"column":13},"end":{"line":25,"column":52}},"type":"binary-expr","locations":[{"start":{"line":25,"column":13},"end":{"line":25,"column":33}},{"start":{"line":25,"column":37},"end":{"line":25,"column":52}}],"line":25},"1":{"loc":{"start":{"line":47,"column":13},"end":{"line":47,"column":51}},"type":"binary-expr","locations":[{"start":{"line":47,"column":13},"end":{"line":47,"column":30}},{"start":{"line":47,"column":34},"end":{"line":47,"column":51}}],"line":47},"2":{"loc":{"start":{"line":69,"column":13},"end":{"line":69,"column":42}},"type":"binary-expr","locations":[{"start":{"line":69,"column":13},"end":{"line":69,"column":28}},{"start":{"line":69,"column":32},"end":{"line":69,"column":42}}],"line":69}},"s":{"0":1,"1":19,"2":37,"3":31,"4":31,"5":1},"f":{"0":19,"1":37,"2":31,"3":31},"b":{"0":[19,2],"1":[19,2],"2":[19,2]},"_coverageSchema":"1a1c01bbd47fc00a2c39e90264f33305004495a9","hash":"cfeb0f6bcf30cdd9e92895c5917cd4517d3b6fa3"}
,"C:\\Users\\rouni\\Desktop\\analytics-dashboard\\src\\components\\layout\\Sidebar.jsx": {"path":"C:\\Users\\rouni\\Desktop\\analytics-dashboard\\src\\components\\layout\\Sidebar.jsx","statementMap":{"0":{"start":{"line":18,"column":16},"end":{"line":267,"column":2}},"1":{"start":{"line":19,"column":44},"end":{"line":21,"column":4}},"2":{"start":{"line":22,"column":34},"end":{"line":22,"column":68}},"3":{"start":{"line":25,"column":2},"end":{"line":47,"column":20}},"4":{"start":{"line":26,"column":25},"end":{"line":38,"column":5}},"5":{"start":{"line":27,"column":30},"end":{"line":27,"column":54}},"6":{"start":{"line":28,"column":6},"end":{"line":28,"column":35}},"7":{"start":{"line":31,"column":24},"end":{"line":31,"column":40}},"8":{"start":{"line":32,"column":6},"end":{"line":37,"column":7}},"9":{"start":{"line":33,"column":8},"end":{"line":33,"column":29}},"10":{"start":{"line":36,"column":8},"end":{"line":36,"column":46}},"11":{"start":{"line":41,"column":4},"end":{"line":41,"column":19}},"12":{"start":{"line":44,"column":4},"end":{"line":44,"column":52}},"13":{"start":{"line":46,"column":4},"end":{"line":46,"column":68}},"14":{"start":{"line":46,"column":17},"end":{"line":46,"column":67}},"15":{"start":{"line":49,"column":25},"end":{"line":54,"column":8}},"16":{"start":{"line":50,"column":4},"end":{"line":53,"column":8}},"17":{"start":{"line":50,"column":30},"end":{"line":53,"column":5}},"18":{"start":{"line":57,"column":18},"end":{"line":68,"column":3}},"19":{"start":{"line":70,"column":24},"end":{"line":155,"column":3}},"20":{"start":{"line":71,"column":21},"end":{"line":71,"column":44}},"21":{"start":{"line":72,"column":23},"end":{"line":72,"column":54}},"22":{"start":{"line":73,"column":21},"end":{"line":73,"column":52}},"23":{"start":{"line":76,"column":32},"end":{"line":76,"column":56}},"24":{"start":{"line":78,"column":28},"end":{"line":90,"column":5}},"25":{"start":{"line":79,"column":6},"end":{"line":89,"column":7}},"26":{"start":{"line":80,"column":8},"end":{"line":80,"column":32}},"27":{"start":{"line":83,"column":8},"end":{"line":83,"column":30}},"28":{"start":{"line":86,"column":8},"end":{"line":88,"column":9}},"29":{"start":{"line":87,"column":10},"end":{"line":87,"column":34}},"30":{"start":{"line":92,"column":4},"end":{"line":154,"column":6}},"31":{"start":{"line":137,"column":14},"end":{"line":149,"column":20}},"32":{"start":{"line":141,"column":18},"end":{"line":141,"column":43}},"33":{"start":{"line":143,"column":18},"end":{"line":145,"column":19}},"34":{"start":{"line":144,"column":20},"end":{"line":144,"column":44}},"35":{"start":{"line":157,"column":27},"end":{"line":231,"column":3}},"36":{"start":{"line":159,"column":32},"end":{"line":159,"column":56}},"37":{"start":{"line":162,"column":4},"end":{"line":197,"column":5}},"38":{"start":{"line":163,"column":6},"end":{"line":196,"column":8}},"39":{"start":{"line":184,"column":16},"end":{"line":191,"column":29}},"40":{"start":{"line":200,"column":4},"end":{"line":230,"column":6}},"41":{"start":{"line":218,"column":14},"end":{"line":225,"column":27}},"42":{"start":{"line":234,"column":30},"end":{"line":234,"column":54}},"43":{"start":{"line":236,"column":2},"end":{"line":266,"column":4}},"44":{"start":{"line":261,"column":12},"end":{"line":261,"column":42}},"45":{"start":{"line":269,"column":0},"end":{"line":277,"column":2}},"46":{"start":{"line":279,"column":0},"end":{"line":279,"column":32}}},"fnMap":{"0":{"name":"(anonymous_0)","decl":{"start":{"line":18,"column":27},"end":{"line":18,"column":28}},"loc":{"start":{"line":18,"column":137},"end":{"line":267,"column":1}},"line":18},"1":{"name":"(anonymous_1)","decl":{"start":{"line":25,"column":18},"end":{"line":25,"column":19}},"loc":{"start":{"line":25,"column":24},"end":{"line":47,"column":3}},"line":25},"2":{"name":"(anonymous_2)","decl":{"start":{"line":26,"column":25},"end":{"line":26,"column":26}},"loc":{"start":{"line":26,"column":31},"end":{"line":38,"column":5}},"line":26},"3":{"name":"(anonymous_3)","decl":{"start":{"line":46,"column":11},"end":{"line":46,"column":12}},"loc":{"start":{"line":46,"column":17},"end":{"line":46,"column":67}},"line":46},"4":{"name":"(anonymous_4)","decl":{"start":{"line":49,"column":37},"end":{"line":49,"column":38}},"loc":{"start":{"line":49,"column":49},"end":{"line":54,"column":3}},"line":49},"5":{"name":"(anonymous_5)","decl":{"start":{"line":50,"column":21},"end":{"line":50,"column":22}},"loc":{"start":{"line":50,"column":30},"end":{"line":53,"column":5}},"line":50},"6":{"name":"(anonymous_6)","decl":{"start":{"line":70,"column":24},"end":{"line":70,"column":25}},"loc":{"start":{"line":70,"column":46},"end":{"line":155,"column":3}},"line":70},"7":{"name":"(anonymous_7)","decl":{"start":{"line":78,"column":28},"end":{"line":78,"column":29}},"loc":{"start":{"line":78,"column":34},"end":{"line":90,"column":5}},"line":78},"8":{"name":"(anonymous_8)","decl":{"start":{"line":136,"column":31},"end":{"line":136,"column":32}},"loc":{"start":{"line":137,"column":14},"end":{"line":149,"column":20}},"line":137},"9":{"name":"(anonymous_9)","decl":{"start":{"line":140,"column":25},"end":{"line":140,"column":26}},"loc":{"start":{"line":140,"column":31},"end":{"line":146,"column":17}},"line":140},"10":{"name":"(anonymous_10)","decl":{"start":{"line":157,"column":27},"end":{"line":157,"column":28}},"loc":{"start":{"line":157,"column":52},"end":{"line":231,"column":3}},"line":157},"11":{"name":"(anonymous_11)","decl":{"start":{"line":183,"column":33},"end":{"line":183,"column":34}},"loc":{"start":{"line":184,"column":16},"end":{"line":191,"column":29}},"line":184},"12":{"name":"(anonymous_12)","decl":{"start":{"line":217,"column":31},"end":{"line":217,"column":32}},"loc":{"start":{"line":218,"column":14},"end":{"line":225,"column":27}},"line":218},"13":{"name":"(anonymous_13)","decl":{"start":{"line":260,"column":42},"end":{"line":260,"column":43}},"loc":{"start":{"line":261,"column":12},"end":{"line":261,"column":42}},"line":261}},"branchMap":{"0":{"loc":{"start":{"line":32,"column":6},"end":{"line":37,"column":7}},"type":"if","locations":[{"start":{"line":32,"column":6},"end":{"line":37,"column":7}},{"start":{"line":34,"column":13},"end":{"line":37,"column":7}}],"line":32},"1":{"loc":{"start":{"line":32,"column":10},"end":{"line":32,"column":34}},"type":"binary-expr","locations":[{"start":{"line":32,"column":10},"end":{"line":32,"column":19}},{"start":{"line":32,"column":23},"end":{"line":32,"column":34}}],"line":32},"2":{"loc":{"start":{"line":72,"column":23},"end":{"line":72,"column":54}},"type":"binary-expr","locations":[{"start":{"line":72,"column":23},"end":{"line":72,"column":45}},{"start":{"line":72,"column":49},"end":{"line":72,"column":54}}],"line":72},"3":{"loc":{"start":{"line":73,"column":21},"end":{"line":73,"column":52}},"type":"binary-expr","locations":[{"start":{"line":73,"column":21},"end":{"line":73,"column":39}},{"start":{"line":73,"column":43},"end":{"line":73,"column":52}}],"line":73},"4":{"loc":{"start":{"line":76,"column":32},"end":{"line":76,"column":56}},"type":"binary-expr","locations":[{"start":{"line":76,"column":32},"end":{"line":76,"column":41}},{"start":{"line":76,"column":45},"end":{"line":76,"column":56}}],"line":76},"5":{"loc":{"start":{"line":79,"column":6},"end":{"line":89,"column":7}},"type":"if","locations":[{"start":{"line":79,"column":6},"end":{"line":89,"column":7}},{"start":{"line":81,"column":13},"end":{"line":89,"column":7}}],"line":79},"6":{"loc":{"start":{"line":86,"column":8},"end":{"line":88,"column":9}},"type":"if","locations":[{"start":{"line":86,"column":8},"end":{"line":88,"column":9}},{"start":{},"end":{}}],"line":86},"7":{"loc":{"start":{"line":86,"column":12},"end":{"line":86,"column":45}},"type":"binary-expr","locations":[{"start":{"line":86,"column":12},"end":{"line":86,"column":20}},{"start":{"line":86,"column":24},"end":{"line":86,"column":45}}],"line":86},"8":{"loc":{"start":{"line":100,"column":12},"end":{"line":102,"column":151}},"type":"cond-expr","locations":[{"start":{"line":101,"column":16},"end":{"line":101,"column":150}},{"start":{"line":102,"column":16},"end":{"line":102,"column":151}}],"line":100},"9":{"loc":{"start":{"line":101,"column":111},"end":{"line":101,"column":148}},"type":"cond-expr","locations":[{"start":{"line":101,"column":133},"end":{"line":101,"column":139}},{"start":{"line":101,"column":142},"end":{"line":101,"column":148}}],"line":101},"10":{"loc":{"start":{"line":102,"column":112},"end":{"line":102,"column":149}},"type":"cond-expr","locations":[{"start":{"line":102,"column":134},"end":{"line":102,"column":140}},{"start":{"line":102,"column":143},"end":{"line":102,"column":149}}],"line":102},"11":{"loc":{"start":{"line":103,"column":14},"end":{"line":103,"column":57}},"type":"cond-expr","locations":[{"start":{"line":103,"column":36},"end":{"line":103,"column":52}},{"start":{"line":103,"column":55},"end":{"line":103,"column":57}}],"line":103},"12":{"loc":{"start":{"line":103,"column":61},"end":{"line":103,"column":112}},"type":"cond-expr","locations":[{"start":{"line":103,"column":77},"end":{"line":103,"column":93}},{"start":{"line":103,"column":96},"end":{"line":103,"column":112}}],"line":103},"13":{"loc":{"start":{"line":107,"column":11},"end":{"line":113,"column":11}},"type":"binary-expr","locations":[{"start":{"line":107,"column":11},"end":{"line":107,"column":31}},{"start":{"line":107,"column":35},"end":{"line":107,"column":149}},{"start":{"line":108,"column":12},"end":{"line":112,"column":13}}],"line":107},"14":{"loc":{"start":{"line":107,"column":37},"end":{"line":107,"column":148}},"type":"binary-expr","locations":[{"start":{"line":107,"column":37},"end":{"line":107,"column":61}},{"start":{"line":107,"column":66},"end":{"line":107,"column":90}},{"start":{"line":107,"column":94},"end":{"line":107,"column":120}},{"start":{"line":107,"column":125},"end":{"line":107,"column":148}}],"line":107},"15":{"loc":{"start":{"line":108,"column":12},"end":{"line":112,"column":13}},"type":"cond-expr","locations":[{"start":{"line":109,"column":14},"end":{"line":109,"column":111}},{"start":{"line":111,"column":14},"end":{"line":111,"column":55}}],"line":108},"16":{"loc":{"start":{"line":109,"column":14},"end":{"line":109,"column":111}},"type":"cond-expr","locations":[{"start":{"line":109,"column":27},"end":{"line":109,"column":67}},{"start":{"line":109,"column":70},"end":{"line":109,"column":111}}],"line":109},"17":{"loc":{"start":{"line":116,"column":11},"end":{"line":128,"column":11}},"type":"cond-expr","locations":[{"start":{"line":118,"column":12},"end":{"line":118,"column":165}},{"start":{"line":119,"column":14},"end":{"line":128,"column":11}}],"line":116},"18":{"loc":{"start":{"line":118,"column":31},"end":{"line":118,"column":78}},"type":"cond-expr","locations":[{"start":{"line":118,"column":53},"end":{"line":118,"column":62}},{"start":{"line":118,"column":65},"end":{"line":118,"column":78}}],"line":118},"19":{"loc":{"start":{"line":118,"column":122},"end":{"line":118,"column":155}},"type":"cond-expr","locations":[{"start":{"line":118,"column":144},"end":{"line":118,"column":146}},{"start":{"line":118,"column":149},"end":{"line":118,"column":155}}],"line":118},"20":{"loc":{"start":{"line":119,"column":14},"end":{"line":128,"column":11}},"type":"cond-expr","locations":[{"start":{"line":121,"column":12},"end":{"line":121,"column":137}},{"start":{"line":122,"column":14},"end":{"line":128,"column":11}}],"line":119},"21":{"loc":{"start":{"line":119,"column":14},"end":{"line":119,"column":66}},"type":"binary-expr","locations":[{"start":{"line":119,"column":14},"end":{"line":119,"column":41}},{"start":{"line":119,"column":45},"end":{"line":119,"column":66}}],"line":119},"22":{"loc":{"start":{"line":121,"column":51},"end":{"line":121,"column":94}},"type":"cond-expr","locations":[{"start":{"line":121,"column":73},"end":{"line":121,"column":82}},{"start":{"line":121,"column":85},"end":{"line":121,"column":94}}],"line":121},"23":{"loc":{"start":{"line":121,"column":98},"end":{"line":121,"column":131}},"type":"cond-expr","locations":[{"start":{"line":121,"column":120},"end":{"line":121,"column":122}},{"start":{"line":121,"column":125},"end":{"line":121,"column":131}}],"line":121},"24":{"loc":{"start":{"line":122,"column":14},"end":{"line":128,"column":11}},"type":"cond-expr","locations":[{"start":{"line":124,"column":12},"end":{"line":124,"column":138}},{"start":{"line":127,"column":12},"end":{"line":127,"column":121}}],"line":122},"25":{"loc":{"start":{"line":122,"column":14},"end":{"line":122,"column":67}},"type":"binary-expr","locations":[{"start":{"line":122,"column":14},"end":{"line":122,"column":41}},{"start":{"line":122,"column":45},"end":{"line":122,"column":67}}],"line":122},"26":{"loc":{"start":{"line":124,"column":52},"end":{"line":124,"column":95}},"type":"cond-expr","locations":[{"start":{"line":124,"column":74},"end":{"line":124,"column":83}},{"start":{"line":124,"column":86},"end":{"line":124,"column":95}}],"line":124},"27":{"loc":{"start":{"line":124,"column":99},"end":{"line":124,"column":132}},"type":"cond-expr","locations":[{"start":{"line":124,"column":121},"end":{"line":124,"column":123}},{"start":{"line":124,"column":126},"end":{"line":124,"column":132}}],"line":124},"28":{"loc":{"start":{"line":127,"column":31},"end":{"line":127,"column":74}},"type":"cond-expr","locations":[{"start":{"line":127,"column":53},"end":{"line":127,"column":62}},{"start":{"line":127,"column":65},"end":{"line":127,"column":74}}],"line":127},"29":{"loc":{"start":{"line":127,"column":78},"end":{"line":127,"column":111}},"type":"cond-expr","locations":[{"start":{"line":127,"column":100},"end":{"line":127,"column":102}},{"start":{"line":127,"column":105},"end":{"line":127,"column":111}}],"line":127},"30":{"loc":{"start":{"line":130,"column":11},"end":{"line":130,"column":78}},"type":"binary-expr","locations":[{"start":{"line":130,"column":11},"end":{"line":130,"column":31}},{"start":{"line":130,"column":35},"end":{"line":130,"column":78}}],"line":130},"31":{"loc":{"start":{"line":134,"column":9},"end":{"line":152,"column":9}},"type":"binary-expr","locations":[{"start":{"line":134,"column":9},"end":{"line":134,"column":22}},{"start":{"line":134,"column":26},"end":{"line":134,"column":36}},{"start":{"line":135,"column":10},"end":{"line":151,"column":16}}],"line":134},"32":{"loc":{"start":{"line":143,"column":18},"end":{"line":145,"column":19}},"type":"if","locations":[{"start":{"line":143,"column":18},"end":{"line":145,"column":19}},{"start":{},"end":{}}],"line":143},"33":{"loc":{"start":{"line":143,"column":22},"end":{"line":143,"column":55}},"type":"binary-expr","locations":[{"start":{"line":143,"column":22},"end":{"line":143,"column":30}},{"start":{"line":143,"column":34},"end":{"line":143,"column":55}}],"line":143},"34":{"loc":{"start":{"line":159,"column":32},"end":{"line":159,"column":56}},"type":"binary-expr","locations":[{"start":{"line":159,"column":32},"end":{"line":159,"column":41}},{"start":{"line":159,"column":45},"end":{"line":159,"column":56}}],"line":159},"35":{"loc":{"start":{"line":162,"column":4},"end":{"line":197,"column":5}},"type":"if","locations":[{"start":{"line":162,"column":4},"end":{"line":197,"column":5}},{"start":{},"end":{}}],"line":162},"36":{"loc":{"start":{"line":165,"column":9},"end":{"line":179,"column":9}},"type":"binary-expr","locations":[{"start":{"line":165,"column":9},"end":{"line":165,"column":29}},{"start":{"line":166,"column":10},"end":{"line":178,"column":23}}],"line":165},"37":{"loc":{"start":{"line":181,"column":11},"end":{"line":194,"column":11}},"type":"binary-expr","locations":[{"start":{"line":181,"column":11},"end":{"line":181,"column":24}},{"start":{"line":181,"column":28},"end":{"line":181,"column":52}},{"start":{"line":182,"column":12},"end":{"line":193,"column":18}}],"line":181},"38":{"loc":{"start":{"line":202,"column":9},"end":{"line":213,"column":9}},"type":"binary-expr","locations":[{"start":{"line":202,"column":9},"end":{"line":202,"column":29}},{"start":{"line":203,"column":10},"end":{"line":212,"column":23}}],"line":202},"39":{"loc":{"start":{"line":215,"column":9},"end":{"line":228,"column":9}},"type":"binary-expr","locations":[{"start":{"line":215,"column":9},"end":{"line":215,"column":22}},{"start":{"line":215,"column":26},"end":{"line":215,"column":50}},{"start":{"line":216,"column":10},"end":{"line":227,"column":16}}],"line":215},"40":{"loc":{"start":{"line":234,"column":30},"end":{"line":234,"column":54}},"type":"binary-expr","locations":[{"start":{"line":234,"column":30},"end":{"line":234,"column":39}},{"start":{"line":234,"column":43},"end":{"line":234,"column":54}}],"line":234},"41":{"loc":{"start":{"line":241,"column":30},"end":{"line":241,"column":67}},"type":"cond-expr","locations":[{"start":{"line":241,"column":52},"end":{"line":241,"column":58}},{"start":{"line":241,"column":61},"end":{"line":241,"column":67}}],"line":241},"42":{"loc":{"start":{"line":252,"column":11},"end":{"line":254,"column":11}},"type":"binary-expr","locations":[{"start":{"line":252,"column":11},"end":{"line":252,"column":31}},{"start":{"line":253,"column":12},"end":{"line":253,"column":95}}],"line":252}},"s":{"0":1,"1":35,"2":35,"3":35,"4":16,"5":17,"6":17,"7":17,"8":17,"9":1,"10":16,"11":16,"12":16,"13":16,"14":16,"15":35,"16":2,"17":2,"18":35,"19":35,"20":91,"21":91,"22":91,"23":91,"24":91,"25":6,"26":2,"27":4,"28":4,"29":1,"30":91,"31":4,"32":1,"33":1,"34":0,"35":35,"36":62,"37":62,"38":0,"39":0,"40":62,"41":91,"42":35,"43":35,"44":62,"45":1,"46":1},"f":{"0":35,"1":16,"2":17,"3":16,"4":2,"5":2,"6":91,"7":6,"8":4,"9":1,"10":62,"11":0,"12":91,"13":62},"b":{"0":[1,16],"1":[17,13],"2":[91,89],"3":[91,60],"4":[91,70],"5":[2,4],"6":[1,3],"7":[4,2],"8":[29,62],"9":[2,27],"10":[4,58],"11":[6,85],"12":[29,62],"13":[91,85,58],"14":[85,85,0,85],"15":[0,58],"16":[0,0],"17":[0,91],"18":[0,0],"19":[0,0],"20":[0,91],"21":[91,0],"22":[0,0],"23":[0,0],"24":[0,91],"25":[91,91],"26":[0,0],"27":[0,0],"28":[6,85],"29":[6,85],"30":[91,85],"31":[91,29,2],"32":[0,1],"33":[1,0],"34":[62,48],"35":[0,62],"36":[0,0],"37":[0,0,0],"38":[62,58],"39":[62,62,62],"40":[35,28],"41":[2,33],"42":[35,33]},"_coverageSchema":"1a1c01bbd47fc00a2c39e90264f33305004495a9","hash":"1053966d0b33577e5453693c71e59b21619f4bd0"}
,"C:\\Users\\rouni\\Desktop\\analytics-dashboard\\src\\components\\orders\\AddOrderModal.jsx": {"path":"C:\\Users\\rouni\\Desktop\\analytics-dashboard\\src\\components\\orders\\AddOrderModal.jsx","statementMap":{"0":{"start":{"line":10,"column":22},"end":{"line":287,"column":1}},"1":{"start":{"line":11,"column":20},"end":{"line":11,"column":30}},"2":{"start":{"line":12,"column":34},"end":{"line":19,"column":4}},"3":{"start":{"line":21,"column":30},"end":{"line":21,"column":42}},"4":{"start":{"line":23,"column":24},"end":{"line":28,"column":3}},"5":{"start":{"line":30,"column":28},"end":{"line":44,"column":3}},"6":{"start":{"line":31,"column":28},"end":{"line":31,"column":36}},"7":{"start":{"line":32,"column":4},"end":{"line":35,"column":8}},"8":{"start":{"line":32,"column":25},"end":{"line":35,"column":5}},"9":{"start":{"line":38,"column":4},"end":{"line":43,"column":5}},"10":{"start":{"line":39,"column":6},"end":{"line":42,"column":10}},"11":{"start":{"line":39,"column":25},"end":{"line":42,"column":7}},"12":{"start":{"line":46,"column":29},"end":{"line":53,"column":3}},"13":{"start":{"line":47,"column":27},"end":{"line":47,"column":80}},"14":{"start":{"line":47,"column":56},"end":{"line":47,"column":79}},"15":{"start":{"line":48,"column":4},"end":{"line":52,"column":8}},"16":{"start":{"line":48,"column":25},"end":{"line":52,"column":5}},"17":{"start":{"line":55,"column":23},"end":{"line":73,"column":3}},"18":{"start":{"line":56,"column":22},"end":{"line":56,"column":24}},"19":{"start":{"line":58,"column":4},"end":{"line":60,"column":5}},"20":{"start":{"line":59,"column":6},"end":{"line":59,"column":49}},"21":{"start":{"line":61,"column":4},"end":{"line":63,"column":5}},"22":{"start":{"line":62,"column":6},"end":{"line":62,"column":47}},"23":{"start":{"line":64,"column":4},"end":{"line":66,"column":5}},"24":{"start":{"line":65,"column":6},"end":{"line":65,"column":53}},"25":{"start":{"line":67,"column":4},"end":{"line":69,"column":5}},"26":{"start":{"line":68,"column":6},"end":{"line":68,"column":48}},"27":{"start":{"line":71,"column":4},"end":{"line":71,"column":25}},"28":{"start":{"line":72,"column":4},"end":{"line":72,"column":47}},"29":{"start":{"line":75,"column":23},"end":{"line":104,"column":3}},"30":{"start":{"line":76,"column":4},"end":{"line":76,"column":23}},"31":{"start":{"line":78,"column":4},"end":{"line":103,"column":5}},"32":{"start":{"line":79,"column":23},"end":{"line":88,"column":7}},"33":{"start":{"line":90,"column":6},"end":{"line":90,"column":27}},"34":{"start":{"line":93,"column":6},"end":{"line":100,"column":9}},"35":{"start":{"line":101,"column":6},"end":{"line":101,"column":20}},"36":{"start":{"line":102,"column":6},"end":{"line":102,"column":16}},"37":{"start":{"line":106,"column":22},"end":{"line":117,"column":3}},"38":{"start":{"line":107,"column":4},"end":{"line":114,"column":7}},"39":{"start":{"line":115,"column":4},"end":{"line":115,"column":18}},"40":{"start":{"line":116,"column":4},"end":{"line":116,"column":14}},"41":{"start":{"line":119,"column":2},"end":{"line":286,"column":4}},"42":{"start":{"line":134,"column":28},"end":{"line":134,"column":47}},"43":{"start":{"line":238,"column":35},"end":{"line":238,"column":69}},"44":{"start":{"line":246,"column":20},"end":{"line":252,"column":29}},"45":{"start":{"line":289,"column":0},"end":{"line":293,"column":2}}},"fnMap":{"0":{"name":"(anonymous_0)","decl":{"start":{"line":10,"column":22},"end":{"line":10,"column":23}},"loc":{"start":{"line":10,"column":59},"end":{"line":287,"column":1}},"line":10},"1":{"name":"(anonymous_1)","decl":{"start":{"line":30,"column":28},"end":{"line":30,"column":29}},"loc":{"start":{"line":30,"column":35},"end":{"line":44,"column":3}},"line":30},"2":{"name":"(anonymous_2)","decl":{"start":{"line":32,"column":16},"end":{"line":32,"column":17}},"loc":{"start":{"line":32,"column":25},"end":{"line":35,"column":5}},"line":32},"3":{"name":"(anonymous_3)","decl":{"start":{"line":39,"column":16},"end":{"line":39,"column":17}},"loc":{"start":{"line":39,"column":25},"end":{"line":42,"column":7}},"line":39},"4":{"name":"(anonymous_4)","decl":{"start":{"line":46,"column":29},"end":{"line":46,"column":30}},"loc":{"start":{"line":46,"column":41},"end":{"line":53,"column":3}},"line":46},"5":{"name":"(anonymous_5)","decl":{"start":{"line":47,"column":46},"end":{"line":47,"column":47}},"loc":{"start":{"line":47,"column":56},"end":{"line":47,"column":79}},"line":47},"6":{"name":"(anonymous_6)","decl":{"start":{"line":48,"column":16},"end":{"line":48,"column":17}},"loc":{"start":{"line":48,"column":25},"end":{"line":52,"column":5}},"line":48},"7":{"name":"(anonymous_7)","decl":{"start":{"line":55,"column":23},"end":{"line":55,"column":24}},"loc":{"start":{"line":55,"column":29},"end":{"line":73,"column":3}},"line":55},"8":{"name":"(anonymous_8)","decl":{"start":{"line":75,"column":23},"end":{"line":75,"column":24}},"loc":{"start":{"line":75,"column":30},"end":{"line":104,"column":3}},"line":75},"9":{"name":"(anonymous_9)","decl":{"start":{"line":106,"column":22},"end":{"line":106,"column":23}},"loc":{"start":{"line":106,"column":28},"end":{"line":117,"column":3}},"line":106},"10":{"name":"(anonymous_10)","decl":{"start":{"line":134,"column":21},"end":{"line":134,"column":22}},"loc":{"start":{"line":134,"column":28},"end":{"line":134,"column":47}},"line":134},"11":{"name":"(anonymous_11)","decl":{"start":{"line":238,"column":28},"end":{"line":238,"column":29}},"loc":{"start":{"line":238,"column":35},"end":{"line":238,"column":69}},"line":238},"12":{"name":"(anonymous_12)","decl":{"start":{"line":245,"column":37},"end":{"line":245,"column":38}},"loc":{"start":{"line":246,"column":20},"end":{"line":252,"column":29}},"line":246}},"branchMap":{"0":{"loc":{"start":{"line":38,"column":4},"end":{"line":43,"column":5}},"type":"if","locations":[{"start":{"line":38,"column":4},"end":{"line":43,"column":5}},{"start":{},"end":{}}],"line":38},"1":{"loc":{"start":{"line":58,"column":4},"end":{"line":60,"column":5}},"type":"if","locations":[{"start":{"line":58,"column":4},"end":{"line":60,"column":5}},{"start":{},"end":{}}],"line":58},"2":{"loc":{"start":{"line":61,"column":4},"end":{"line":63,"column":5}},"type":"if","locations":[{"start":{"line":61,"column":4},"end":{"line":63,"column":5}},{"start":{},"end":{}}],"line":61},"3":{"loc":{"start":{"line":64,"column":4},"end":{"line":66,"column":5}},"type":"if","locations":[{"start":{"line":64,"column":4},"end":{"line":66,"column":5}},{"start":{},"end":{}}],"line":64},"4":{"loc":{"start":{"line":67,"column":4},"end":{"line":69,"column":5}},"type":"if","locations":[{"start":{"line":67,"column":4},"end":{"line":69,"column":5}},{"start":{},"end":{}}],"line":67},"5":{"loc":{"start":{"line":78,"column":4},"end":{"line":103,"column":5}},"type":"if","locations":[{"start":{"line":78,"column":4},"end":{"line":103,"column":5}},{"start":{},"end":{}}],"line":78},"6":{"loc":{"start":{"line":121,"column":7},"end":{"line":284,"column":7}},"type":"binary-expr","locations":[{"start":{"line":121,"column":7},"end":{"line":121,"column":13}},{"start":{"line":122,"column":8},"end":{"line":283,"column":21}}],"line":121},"7":{"loc":{"start":{"line":163,"column":20},"end":{"line":163,"column":81}},"type":"cond-expr","locations":[{"start":{"line":163,"column":37},"end":{"line":163,"column":53}},{"start":{"line":163,"column":56},"end":{"line":163,"column":81}}],"line":163},"8":{"loc":{"start":{"line":166,"column":17},"end":{"line":168,"column":17}},"type":"binary-expr","locations":[{"start":{"line":166,"column":17},"end":{"line":166,"column":31}},{"start":{"line":167,"column":18},"end":{"line":167,"column":79}}],"line":166},"9":{"loc":{"start":{"line":183,"column":20},"end":{"line":183,"column":78}},"type":"cond-expr","locations":[{"start":{"line":183,"column":34},"end":{"line":183,"column":50}},{"start":{"line":183,"column":53},"end":{"line":183,"column":78}}],"line":183},"10":{"loc":{"start":{"line":186,"column":17},"end":{"line":188,"column":17}},"type":"binary-expr","locations":[{"start":{"line":186,"column":17},"end":{"line":186,"column":28}},{"start":{"line":187,"column":18},"end":{"line":187,"column":76}}],"line":186},"11":{"loc":{"start":{"line":203,"column":20},"end":{"line":203,"column":81}},"type":"cond-expr","locations":[{"start":{"line":203,"column":37},"end":{"line":203,"column":53}},{"start":{"line":203,"column":56},"end":{"line":203,"column":81}}],"line":203},"12":{"loc":{"start":{"line":206,"column":17},"end":{"line":208,"column":17}},"type":"binary-expr","locations":[{"start":{"line":206,"column":17},"end":{"line":206,"column":31}},{"start":{"line":207,"column":18},"end":{"line":207,"column":79}}],"line":206},"13":{"loc":{"start":{"line":223,"column":20},"end":{"line":223,"column":81}},"type":"cond-expr","locations":[{"start":{"line":223,"column":37},"end":{"line":223,"column":53}},{"start":{"line":223,"column":56},"end":{"line":223,"column":81}}],"line":223},"14":{"loc":{"start":{"line":226,"column":17},"end":{"line":228,"column":17}},"type":"binary-expr","locations":[{"start":{"line":226,"column":17},"end":{"line":226,"column":31}},{"start":{"line":227,"column":18},"end":{"line":227,"column":79}}],"line":226},"15":{"loc":{"start":{"line":240,"column":20},"end":{"line":242,"column":74}},"type":"cond-expr","locations":[{"start":{"line":241,"column":24},"end":{"line":241,"column":72}},{"start":{"line":242,"column":24},"end":{"line":242,"column":74}}],"line":240},"16":{"loc":{"start":{"line":263,"column":20},"end":{"line":265,"column":109}},"type":"cond-expr","locations":[{"start":{"line":264,"column":24},"end":{"line":264,"column":109}},{"start":{"line":265,"column":24},"end":{"line":265,"column":109}}],"line":263},"17":{"loc":{"start":{"line":273,"column":20},"end":{"line":275,"column":97}},"type":"cond-expr","locations":[{"start":{"line":274,"column":24},"end":{"line":274,"column":79}},{"start":{"line":275,"column":24},"end":{"line":275,"column":97}}],"line":273}},"s":{"0":0,"1":0,"2":0,"3":0,"4":0,"5":0,"6":0,"7":0,"8":0,"9":0,"10":0,"11":0,"12":0,"13":0,"14":0,"15":0,"16":0,"17":0,"18":0,"19":0,"20":0,"21":0,"22":0,"23":0,"24":0,"25":0,"26":0,"27":0,"28":0,"29":0,"30":0,"31":0,"32":0,"33":0,"34":0,"35":0,"36":0,"37":0,"38":0,"39":0,"40":0,"41":0,"42":0,"43":0,"44":0,"45":0},"f":{"0":0,"1":0,"2":0,"3":0,"4":0,"5":0,"6":0,"7":0,"8":0,"9":0,"10":0,"11":0,"12":0},"b":{"0":[0,0],"1":[0,0],"2":[0,0],"3":[0,0],"4":[0,0],"5":[0,0],"6":[0,0],"7":[0,0],"8":[0,0],"9":[0,0],"10":[0,0],"11":[0,0],"12":[0,0],"13":[0,0],"14":[0,0],"15":[0,0],"16":[0,0],"17":[0,0]}}
,"C:\\Users\\rouni\\Desktop\\analytics-dashboard\\src\\components\\orders\\OrdersHeader.jsx": {"path":"C:\\Users\\rouni\\Desktop\\analytics-dashboard\\src\\components\\orders\\OrdersHeader.jsx","statementMap":{"0":{"start":{"line":11,"column":21},"end":{"line":108,"column":1}},"1":{"start":{"line":22,"column":16},"end":{"line":22,"column":26}},"2":{"start":{"line":23,"column":2},"end":{"line":107,"column":4}},"3":{"start":{"line":50,"column":29},"end":{"line":50,"column":71}},"4":{"start":{"line":64,"column":35},"end":{"line":64,"column":60}},"5":{"start":{"line":72,"column":20},"end":{"line":80,"column":29}},"6":{"start":{"line":74,"column":37},"end":{"line":74,"column":63}},"7":{"start":{"line":101,"column":29},"end":{"line":101,"column":58}},"8":{"start":{"line":110,"column":0},"end":{"line":120,"column":2}}},"fnMap":{"0":{"name":"(anonymous_0)","decl":{"start":{"line":11,"column":21},"end":{"line":11,"column":22}},"loc":{"start":{"line":21,"column":6},"end":{"line":108,"column":1}},"line":21},"1":{"name":"(anonymous_1)","decl":{"start":{"line":50,"column":23},"end":{"line":50,"column":24}},"loc":{"start":{"line":50,"column":29},"end":{"line":50,"column":71}},"line":50},"2":{"name":"(anonymous_2)","decl":{"start":{"line":64,"column":29},"end":{"line":64,"column":30}},"loc":{"start":{"line":64,"column":35},"end":{"line":64,"column":60}},"line":64},"3":{"name":"(anonymous_3)","decl":{"start":{"line":71,"column":38},"end":{"line":71,"column":39}},"loc":{"start":{"line":72,"column":20},"end":{"line":80,"column":29}},"line":72},"4":{"name":"(anonymous_4)","decl":{"start":{"line":74,"column":31},"end":{"line":74,"column":32}},"loc":{"start":{"line":74,"column":37},"end":{"line":74,"column":63}},"line":74},"5":{"name":"(anonymous_5)","decl":{"start":{"line":101,"column":22},"end":{"line":101,"column":23}},"loc":{"start":{"line":101,"column":29},"end":{"line":101,"column":58}},"line":101}},"branchMap":{"0":{"loc":{"start":{"line":41,"column":14},"end":{"line":41,"column":95}},"type":"cond-expr","locations":[{"start":{"line":41,"column":29},"end":{"line":41,"column":61}},{"start":{"line":41,"column":64},"end":{"line":41,"column":95}}],"line":41},"1":{"loc":{"start":{"line":52,"column":16},"end":{"line":52,"column":97}},"type":"cond-expr","locations":[{"start":{"line":52,"column":31},"end":{"line":52,"column":63}},{"start":{"line":52,"column":66},"end":{"line":52,"column":97}}],"line":52},"2":{"loc":{"start":{"line":59,"column":13},"end":{"line":84,"column":13}},"type":"binary-expr","locations":[{"start":{"line":59,"column":13},"end":{"line":59,"column":31}},{"start":{"line":60,"column":14},"end":{"line":83,"column":20}}],"line":59},"3":{"loc":{"start":{"line":66,"column":22},"end":{"line":66,"column":133}},"type":"cond-expr","locations":[{"start":{"line":66,"column":47},"end":{"line":66,"column":100}},{"start":{"line":66,"column":103},"end":{"line":66,"column":133}}],"line":66},"4":{"loc":{"start":{"line":76,"column":24},"end":{"line":76,"column":136}},"type":"cond-expr","locations":[{"start":{"line":76,"column":50},"end":{"line":76,"column":103}},{"start":{"line":76,"column":106},"end":{"line":76,"column":136}}],"line":76},"5":{"loc":{"start":{"line":88,"column":12},"end":{"line":88,"column":93}},"type":"cond-expr","locations":[{"start":{"line":88,"column":27},"end":{"line":88,"column":59}},{"start":{"line":88,"column":62},"end":{"line":88,"column":93}}],"line":88},"6":{"loc":{"start":{"line":102,"column":261},"end":{"line":102,"column":333}},"type":"cond-expr","locations":[{"start":{"line":102,"column":280},"end":{"line":102,"column":304}},{"start":{"line":102,"column":307},"end":{"line":102,"column":333}}],"line":102}},"s":{"0":0,"1":0,"2":0,"3":0,"4":0,"5":0,"6":0,"7":0,"8":0},"f":{"0":0,"1":0,"2":0,"3":0,"4":0,"5":0},"b":{"0":[0,0],"1":[0,0],"2":[0,0],"3":[0,0],"4":[0,0],"5":[0,0],"6":[0,0]}}
,"C:\\Users\\rouni\\Desktop\\analytics-dashboard\\src\\components\\orders\\OrdersPagination.jsx": {"path":"C:\\Users\\rouni\\Desktop\\analytics-dashboard\\src\\components\\orders\\OrdersPagination.jsx","statementMap":{"0":{"start":{"line":6,"column":25},"end":{"line":74,"column":1}},"1":{"start":{"line":14,"column":2},"end":{"line":14,"column":56}},"2":{"start":{"line":14,"column":44},"end":{"line":14,"column":56}},"3":{"start":{"line":16,"column":2},"end":{"line":73,"column":4}},"4":{"start":{"line":24,"column":27},"end":{"line":24,"column":60}},"5":{"start":{"line":36,"column":12},"end":{"line":44,"column":13}},"6":{"start":{"line":37,"column":14},"end":{"line":37,"column":30}},"7":{"start":{"line":38,"column":19},"end":{"line":44,"column":13}},"8":{"start":{"line":39,"column":14},"end":{"line":39,"column":30}},"9":{"start":{"line":40,"column":19},"end":{"line":44,"column":13}},"10":{"start":{"line":41,"column":14},"end":{"line":41,"column":43}},"11":{"start":{"line":43,"column":14},"end":{"line":43,"column":44}},"12":{"start":{"line":46,"column":12},"end":{"line":58,"column":14}},"13":{"start":{"line":49,"column":31},"end":{"line":49,"column":56}},"14":{"start":{"line":62,"column":27},"end":{"line":62,"column":60}}},"fnMap":{"0":{"name":"(anonymous_0)","decl":{"start":{"line":6,"column":25},"end":{"line":6,"column":26}},"loc":{"start":{"line":13,"column":6},"end":{"line":74,"column":1}},"line":13},"1":{"name":"(anonymous_1)","decl":{"start":{"line":24,"column":21},"end":{"line":24,"column":22}},"loc":{"start":{"line":24,"column":27},"end":{"line":24,"column":60}},"line":24},"2":{"name":"(anonymous_2)","decl":{"start":{"line":34,"column":59},"end":{"line":34,"column":60}},"loc":{"start":{"line":34,"column":69},"end":{"line":59,"column":11}},"line":34},"3":{"name":"(anonymous_3)","decl":{"start":{"line":49,"column":25},"end":{"line":49,"column":26}},"loc":{"start":{"line":49,"column":31},"end":{"line":49,"column":56}},"line":49},"4":{"name":"(anonymous_4)","decl":{"start":{"line":62,"column":21},"end":{"line":62,"column":22}},"loc":{"start":{"line":62,"column":27},"end":{"line":62,"column":60}},"line":62}},"branchMap":{"0":{"loc":{"start":{"line":14,"column":2},"end":{"line":14,"column":56}},"type":"if","locations":[{"start":{"line":14,"column":2},"end":{"line":14,"column":56}},{"start":{},"end":{}}],"line":14},"1":{"loc":{"start":{"line":36,"column":12},"end":{"line":44,"column":13}},"type":"if","locations":[{"start":{"line":36,"column":12},"end":{"line":44,"column":13}},{"start":{"line":38,"column":19},"end":{"line":44,"column":13}}],"line":36},"2":{"loc":{"start":{"line":38,"column":19},"end":{"line":44,"column":13}},"type":"if","locations":[{"start":{"line":38,"column":19},"end":{"line":44,"column":13}},{"start":{"line":40,"column":19},"end":{"line":44,"column":13}}],"line":38},"3":{"loc":{"start":{"line":40,"column":19},"end":{"line":44,"column":13}},"type":"if","locations":[{"start":{"line":40,"column":19},"end":{"line":44,"column":13}},{"start":{"line":42,"column":19},"end":{"line":44,"column":13}}],"line":40},"4":{"loc":{"start":{"line":51,"column":18},"end":{"line":53,"column":83}},"type":"cond-expr","locations":[{"start":{"line":52,"column":22},"end":{"line":52,"column":68}},{"start":{"line":53,"column":22},"end":{"line":53,"column":83}}],"line":51}},"s":{"0":0,"1":0,"2":0,"3":0,"4":0,"5":0,"6":0,"7":0,"8":0,"9":0,"10":0,"11":0,"12":0,"13":0,"14":0},"f":{"0":0,"1":0,"2":0,"3":0,"4":0},"b":{"0":[0,0],"1":[0,0],"2":[0,0],"3":[0,0],"4":[0,0]}}
,"C:\\Users\\rouni\\Desktop\\analytics-dashboard\\src\\components\\orders\\OrdersTable.jsx": {"path":"C:\\Users\\rouni\\Desktop\\analytics-dashboard\\src\\components\\orders\\OrdersTable.jsx","statementMap":{"0":{"start":{"line":11,"column":20},"end":{"line":174,"column":1}},"1":{"start":{"line":21,"column":20},"end":{"line":21,"column":30}},"2":{"start":{"line":22,"column":19},"end":{"line":22,"column":32}},"3":{"start":{"line":24,"column":2},"end":{"line":173,"column":4}},"4":{"start":{"line":46,"column":30},"end":{"line":46,"column":46}},"5":{"start":{"line":48,"column":16},"end":{"line":61,"column":18}},"6":{"start":{"line":52,"column":35},"end":{"line":52,"column":52}},"7":{"start":{"line":70,"column":16},"end":{"line":147,"column":28}},"8":{"start":{"line":84,"column":38},"end":{"line":84,"column":65}}},"fnMap":{"0":{"name":"(anonymous_0)","decl":{"start":{"line":11,"column":20},"end":{"line":11,"column":21}},"loc":{"start":{"line":20,"column":6},"end":{"line":174,"column":1}},"line":20},"1":{"name":"(anonymous_1)","decl":{"start":{"line":45,"column":38},"end":{"line":45,"column":39}},"loc":{"start":{"line":45,"column":57},"end":{"line":62,"column":15}},"line":45},"2":{"name":"(anonymous_2)","decl":{"start":{"line":52,"column":29},"end":{"line":52,"column":30}},"loc":{"start":{"line":52,"column":35},"end":{"line":52,"column":52}},"line":52},"3":{"name":"(anonymous_3)","decl":{"start":{"line":69,"column":32},"end":{"line":69,"column":33}},"loc":{"start":{"line":70,"column":16},"end":{"line":147,"column":28}},"line":70},"4":{"name":"(anonymous_4)","decl":{"start":{"line":84,"column":32},"end":{"line":84,"column":33}},"loc":{"start":{"line":84,"column":38},"end":{"line":84,"column":65}},"line":84}},"branchMap":{"0":{"loc":{"start":{"line":39,"column":27},"end":{"line":39,"column":105}},"type":"binary-expr","locations":[{"start":{"line":39,"column":27},"end":{"line":39,"column":75}},{"start":{"line":39,"column":79},"end":{"line":39,"column":105}}],"line":39},"1":{"loc":{"start":{"line":56,"column":23},"end":{"line":58,"column":23}},"type":"binary-expr","locations":[{"start":{"line":56,"column":23},"end":{"line":56,"column":42}},{"start":{"line":57,"column":24},"end":{"line":57,"column":108}}],"line":56},"2":{"loc":{"start":{"line":57,"column":59},"end":{"line":57,"column":102}},"type":"cond-expr","locations":[{"start":{"line":57,"column":85},"end":{"line":57,"column":97}},{"start":{"line":57,"column":100},"end":{"line":57,"column":102}}],"line":57},"3":{"loc":{"start":{"line":68,"column":13},"end":{"line":168,"column":13}},"type":"cond-expr","locations":[{"start":{"line":69,"column":14},"end":{"line":148,"column":16}},{"start":{"line":150,"column":14},"end":{"line":167,"column":19}}],"line":68},"4":{"loc":{"start":{"line":76,"column":20},"end":{"line":76,"column":87}},"type":"cond-expr","locations":[{"start":{"line":76,"column":56},"end":{"line":76,"column":82}},{"start":{"line":76,"column":85},"end":{"line":76,"column":87}}],"line":76},"5":{"loc":{"start":{"line":115,"column":23},"end":{"line":117,"column":23}},"type":"binary-expr","locations":[{"start":{"line":115,"column":23},"end":{"line":115,"column":61}},{"start":{"line":116,"column":24},"end":{"line":116,"column":86}}],"line":115},"6":{"loc":{"start":{"line":142,"column":25},"end":{"line":144,"column":25}},"type":"binary-expr","locations":[{"start":{"line":142,"column":25},"end":{"line":142,"column":52}},{"start":{"line":143,"column":26},"end":{"line":143,"column":92}}],"line":142}},"s":{"0":0,"1":0,"2":0,"3":0,"4":0,"5":0,"6":0,"7":0,"8":0},"f":{"0":0,"1":0,"2":0,"3":0,"4":0},"b":{"0":[0,0],"1":[0,0],"2":[0,0],"3":[0,0],"4":[0,0],"5":[0,0],"6":[0,0]}}
,"C:\\Users\\rouni\\Desktop\\analytics-dashboard\\src\\components\\ui\\ActivityItem.jsx": {"path":"C:\\Users\\rouni\\Desktop\\analytics-dashboard\\src\\components\\ui\\ActivityItem.jsx","statementMap":{"0":{"start":{"line":13,"column":21},"end":{"line":38,"column":1}},"1":{"start":{"line":15,"column":23},"end":{"line":18,"column":3}},"2":{"start":{"line":16,"column":20},"end":{"line":16,"column":60}},"3":{"start":{"line":17,"column":4},"end":{"line":17,"column":43}},"4":{"start":{"line":20,"column":20},"end":{"line":20,"column":39}},"5":{"start":{"line":22,"column":2},"end":{"line":37,"column":4}}},"fnMap":{"0":{"name":"(anonymous_0)","decl":{"start":{"line":13,"column":21},"end":{"line":13,"column":22}},"loc":{"start":{"line":13,"column":63},"end":{"line":38,"column":1}},"line":13},"1":{"name":"(anonymous_1)","decl":{"start":{"line":15,"column":23},"end":{"line":15,"column":24}},"loc":{"start":{"line":15,"column":34},"end":{"line":18,"column":3}},"line":15}},"branchMap":{"0":{"loc":{"start":{"line":13,"column":47},"end":{"line":13,"column":56}},"type":"default-arg","locations":[{"start":{"line":13,"column":55},"end":{"line":13,"column":56}}],"line":13}},"s":{"0":1,"1":10,"2":10,"3":10,"4":10,"5":10},"f":{"0":10,"1":10},"b":{"0":[1]},"_coverageSchema":"1a1c01bbd47fc00a2c39e90264f33305004495a9","hash":"0923c0191419f7c29593b4186db0669dcc9b79f8"}
,"C:\\Users\\rouni\\Desktop\\analytics-dashboard\\src\\components\\ui\\ContactItem.jsx": {"path":"C:\\Users\\rouni\\Desktop\\analytics-dashboard\\src\\components\\ui\\ContactItem.jsx","statementMap":{"0":{"start":{"line":12,"column":20},"end":{"line":36,"column":1}},"1":{"start":{"line":14,"column":23},"end":{"line":17,"column":3}},"2":{"start":{"line":15,"column":20},"end":{"line":15,"column":60}},"3":{"start":{"line":16,"column":4},"end":{"line":16,"column":43}},"4":{"start":{"line":19,"column":20},"end":{"line":19,"column":39}},"5":{"start":{"line":21,"column":2},"end":{"line":35,"column":4}}},"fnMap":{"0":{"name":"(anonymous_0)","decl":{"start":{"line":12,"column":20},"end":{"line":12,"column":21}},"loc":{"start":{"line":12,"column":53},"end":{"line":36,"column":1}},"line":12},"1":{"name":"(anonymous_1)","decl":{"start":{"line":14,"column":23},"end":{"line":14,"column":24}},"loc":{"start":{"line":14,"column":34},"end":{"line":17,"column":3}},"line":14}},"branchMap":{"0":{"loc":{"start":{"line":12,"column":37},"end":{"line":12,"column":46}},"type":"default-arg","locations":[{"start":{"line":12,"column":45},"end":{"line":12,"column":46}}],"line":12}},"s":{"0":1,"1":8,"2":8,"3":8,"4":8,"5":8},"f":{"0":8,"1":8},"b":{"0":[1]},"_coverageSchema":"1a1c01bbd47fc00a2c39e90264f33305004495a9","hash":"948ee9eb759c16858f26a324b66bb6c399eef154"}
,"C:\\Users\\rouni\\Desktop\\analytics-dashboard\\src\\components\\ui\\DataTable.jsx": {"path":"C:\\Users\\rouni\\Desktop\\analytics-dashboard\\src\\components\\ui\\DataTable.jsx","statementMap":{"0":{"start":{"line":12,"column":18},"end":{"line":68,"column":1}},"1":{"start":{"line":13,"column":2},"end":{"line":67,"column":4}},"2":{"start":{"line":28,"column":16},"end":{"line":33,"column":21}},"3":{"start":{"line":39,"column":14},"end":{"line":61,"column":26}}},"fnMap":{"0":{"name":"(anonymous_0)","decl":{"start":{"line":12,"column":18},"end":{"line":12,"column":19}},"loc":{"start":{"line":12,"column":59},"end":{"line":68,"column":1}},"line":12},"1":{"name":"(anonymous_1)","decl":{"start":{"line":27,"column":27},"end":{"line":27,"column":28}},"loc":{"start":{"line":28,"column":16},"end":{"line":33,"column":21}},"line":28},"2":{"name":"(anonymous_2)","decl":{"start":{"line":38,"column":22},"end":{"line":38,"column":23}},"loc":{"start":{"line":39,"column":14},"end":{"line":61,"column":26}},"line":39}},"branchMap":{"0":{"loc":{"start":{"line":12,"column":43},"end":{"line":12,"column":52}},"type":"default-arg","locations":[{"start":{"line":12,"column":51},"end":{"line":12,"column":52}}],"line":12}},"s":{"0":0,"1":0,"2":0,"3":0},"f":{"0":0,"1":0,"2":0},"b":{"0":[0]}}
[...]
"column":45},"end":{"line":126,"column":1}},"line":6},"1":{"name":"(anonymous_1)","decl":{"start":{"line":18,"column":33},"end":{"line":18,"column":34}},"loc":{"start":{"line":18,"column":39},"end":{"line":21,"column":3}},"line":18},"2":{"name":"(anonymous_2)","decl":{"start":{"line":19,"column":44},"end":{"line":19,"column":45}},"loc":{"start":{"line":19,"column":53},"end":{"line":19,"column":65}},"line":19},"3":{"name":"(anonymous_3)","decl":{"start":{"line":24,"column":42},"end":{"line":24,"column":43}},"loc":{"start":{"line":24,"column":48},"end":{"line":63,"column":3}},"line":24},"4":{"name":"(anonymous_4)","decl":{"start":{"line":25,"column":33},"end":{"line":25,"column":34}},"loc":{"start":{"line":25,"column":42},"end":{"line":36,"column":5}},"line":25},"5":{"name":"(anonymous_5)","decl":{"start":{"line":39,"column":20},"end":{"line":39,"column":21}},"loc":{"start":{"line":39,"column":30},"end":{"line":59,"column":7}},"line":39},"6":{"name":"(anonymous_6)","decl":{"start":{"line":72,"column":12},"end":{"line":72,"column":13}},"loc":{"start":{"line":72,"column":18},"end":{"line":74,"column":3}},"line":72},"7":{"name":"(anonymous_7)","decl":{"start":{"line":77,"column":12},"end":{"line":77,"column":13}},"loc":{"start":{"line":77,"column":18},"end":{"line":88,"column":3}},"line":77},"8":{"name":"(anonymous_8)","decl":{"start":{"line":78,"column":31},"end":{"line":78,"column":32}},"loc":{"start":{"line":78,"column":42},"end":{"line":82,"column":5}},"line":78},"9":{"name":"(anonymous_9)","decl":{"start":{"line":85,"column":11},"end":{"line":85,"column":12}},"loc":{"start":{"line":85,"column":17},"end":{"line":87,"column":5}},"line":85},"10":{"name":"(anonymous_10)","decl":{"start":{"line":91,"column":19},"end":{"line":91,"column":20}},"loc":{"start":{"line":91,"column":33},"end":{"line":93,"column":3}},"line":91},"11":{"name":"(anonymous_11)","decl":{"start":{"line":92,"column":14},"end":{"line":92,"column":15}},"loc":{"start":{"line":92,"column":28},"end":{"line":92,"column":53}},"line":92}},"branchMap":{"0":{"loc":{"start":{"line":27,"column":8},"end":{"line":31,"column":69}},"type":"binary-expr","locations":[{"start":{"line":27,"column":8},"end":{"line":27,"column":70}},{"start":{"line":28,"column":8},"end":{"line":28,"column":67}},{"start":{"line":29,"column":8},"end":{"line":29,"column":70}},{"start":{"line":30,"column":8},"end":{"line":30,"column":70}},{"start":{"line":31,"column":8},"end":{"line":31,"column":69}}],"line":27},"1":{"loc":{"start":{"line":33,"column":28},"end":{"line":33,"column":83}},"type":"binary-expr","locations":[{"start":{"line":33,"column":28},"end":{"line":33,"column":50}},{"start":{"line":33,"column":54},"end":{"line":33,"column":83}}],"line":33},"2":{"loc":{"start":{"line":35,"column":13},"end":{"line":35,"column":43}},"type":"binary-expr","locations":[{"start":{"line":35,"column":13},"end":{"line":35,"column":26}},{"start":{"line":35,"column":30},"end":{"line":35,"column":43}}],"line":35},"3":{"loc":{"start":{"line":38,"column":4},"end":{"line":60,"column":5}},"type":"if","locations":[{"start":{"line":38,"column":4},"end":{"line":60,"column":5}},{"start":{},"end":{}}],"line":38},"4":{"loc":{"start":{"line":44,"column":8},"end":{"line":47,"column":9}},"type":"if","locations":[{"start":{"line":44,"column":8},"end":{"line":47,"column":9}},{"start":{},"end":{}}],"line":44},"5":{"loc":{"start":{"line":49,"column":8},"end":{"line":52,"column":9}},"type":"if","locations":[{"start":{"line":49,"column":8},"end":{"line":52,"column":9}},{"start":{},"end":{}}],"line":49},"6":{"loc":{"start":{"line":54,"column":8},"end":{"line":58,"column":9}},"type":"if","locations":[{"start":{"line":54,"column":8},"end":{"line":58,"column":9}},{"start":{"line":56,"column":15},"end":{"line":58,"column":9}}],"line":54},"7":{"loc":{"start":{"line":55,"column":17},"end":{"line":55,"column":41}},"type":"cond-expr","locations":[{"start":{"line":55,"column":35},"end":{"line":55,"column":36}},{"start":{"line":55,"column":39},"end":{"line":55,"column":41}}],"line":55},"8":{"loc":{"start":{"line":57,"column":17},"end":{"line":57,"column":41}},"type":"cond-expr","locations":[{"start":{"line":57,"column":35},"end":{"line":57,"column":36}},{"start":{"line":57,"column":39},"end":{"line":57,"column":41}}],"line":57},"9":{"loc":{"start":{"line":79,"column":6},"end":{"line":81,"column":7}},"type":"if","locations":[{"start":{"line":79,"column":6},"end":{"line":81,"column":7}},{"start":{},"end":{}}],"line":79},"10":{"loc":{"start":{"line":79,"column":10},"end":{"line":79,"column":73}},"type":"binary-expr","locations":[{"start":{"line":79,"column":10},"end":{"line":79,"column":28}},{"start":{"line":79,"column":32},"end":{"line":79,"column":73}}],"line":79}},"s":{"0":1,"1":59,"2":59,"3":59,"4":59,"5":59,"6":59,"7":59,"8":59,"9":59,"10":55,"11":24,"12":113,"13":24,"14":55,"15":38,"16":169,"17":169,"18":169,"19":38,"20":3,"21":9,"22":9,"23":9,"24":3,"25":3,"26":9,"27":9,"28":9,"29":9,"30":6,"31":3,"32":38,"33":55,"34":55,"35":55,"36":55,"37":55,"38":34,"39":55,"40":25,"41":2,"42":0,"43":25,"44":25,"45":25,"46":55,"47":1,"48":1,"49":55},"f":{"0":59,"1":24,"2":113,"3":38,"4":169,"5":9,"6":34,"7":25,"8":2,"9":25,"10":1,"11":1},"b":{"0":[169,35,28,23,22],"1":[169,12],"2":[169,148],"3":[3,35],"4":[3,6],"5":[9,0],"6":[6,3],"7":[3,3],"8":[3,0],"9":[0,2],"10":[2,0]},"_coverageSchema":"1a1c01bbd47fc00a2c39e90264f33305004495a9","hash":"2687366ee9b392ed5bb36c7fc5f6bc3a9423a9e2"}
,"C:\\Users\\rouni\\Desktop\\analytics-dashboard\\src\\hooks\\useOrdersTable.js": {"path":"C:\\Users\\rouni\\Desktop\\analytics-dashboard\\src\\hooks\\useOrdersTable.js","statementMap":{"0":{"start":{"line":4,"column":30},"end":{"line":48,"column":1}},"1":{"start":{"line":13,"column":6},"end":{"line":13,"column":20}},"2":{"start":{"line":16,"column":28},"end":{"line":22,"column":3}},"3":{"start":{"line":17,"column":4},"end":{"line":21,"column":6}},"4":{"start":{"line":18,"column":6},"end":{"line":20,"column":28}},"5":{"start":{"line":19,"column":28},"end":{"line":19,"column":42}},"6":{"start":{"line":25,"column":26},"end":{"line":31,"column":3}},"7":{"start":{"line":26,"column":4},"end":{"line":30,"column":5}},"8":{"start":{"line":27,"column":6},"end":{"line":27,"column":28}},"9":{"start":{"line":29,"column":6},"end":{"line":29,"column":72}},"10":{"start":{"line":29,"column":61},"end":{"line":29,"column":69}},"11":{"start":{"line":34,"column":21},"end":{"line":41,"column":3}},"12":{"start":{"line":35,"column":4},"end":{"line":40,"column":5}},"13":{"start":{"line":36,"column":6},"end":{"line":36,"column":65}},"14":{"start":{"line":38,"column":6},"end":{"line":38,"column":26}},"15":{"start":{"line":39,"column":6},"end":{"line":39,"column":30}},"16":{"start":{"line":43,"column":2},"end":{"line":47,"column":4}}},"fnMap":{"0":{"name":"(anonymous_0)","decl":{"start":{"line":4,"column":30},"end":{"line":4,"column":31}},"loc":{"start":{"line":4,"column":62},"end":{"line":48,"column":1}},"line":4},"1":{"name":"(anonymous_1)","decl":{"start":{"line":16,"column":28},"end":{"line":16,"column":29}},"loc":{"start":{"line":16,"column":41},"end":{"line":22,"column":3}},"line":16},"2":{"name":"(anonymous_2)","decl":{"start":{"line":17,"column":22},"end":{"line":17,"column":23}},"loc":{"start":{"line":18,"column":6},"end":{"line":20,"column":28}},"line":18},"3":{"name":"(anonymous_3)","decl":{"start":{"line":19,"column":22},"end":{"line":19,"column":23}},"loc":{"start":{"line":19,"column":28},"end":{"line":19,"column":42}},"line":19},"4":{"name":"(anonymous_4)","decl":{"start":{"line":25,"column":26},"end":{"line":25,"column":27}},"loc":{"start":{"line":25,"column":32},"end":{"line":31,"column":3}},"line":25},"5":{"name":"(anonymous_5)","decl":{"start":{"line":29,"column":52},"end":{"line":29,"column":53}},"loc":{"start":{"line":29,"column":61},"end":{"line":29,"column":69}},"line":29},"6":{"name":"(anonymous_6)","decl":{"start":{"line":34,"column":21},"end":{"line":34,"column":22}},"loc":{"start":{"line":34,"column":32},"end":{"line":41,"column":3}},"line":34}},"branchMap":{"0":{"loc":{"start":{"line":18,"column":6},"end":{"line":20,"column":28}},"type":"cond-expr","locations":[{"start":{"line":19,"column":10},"end":{"line":19,"column":43}},{"start":{"line":20,"column":10},"end":{"line":20,"column":28}}],"line":18},"1":{"loc":{"start":{"line":26,"column":4},"end":{"line":30,"column":5}},"type":"if","locations":[{"start":{"line":26,"column":4},"end":{"line":30,"column":5}},{"start":{"line":28,"column":11},"end":{"line":30,"column":5}}],"line":26},"2":{"loc":{"start":{"line":35,"column":4},"end":{"line":40,"column":5}},"type":"if","locations":[{"start":{"line":35,"column":4},"end":{"line":40,"column":5}},{"start":{"line":37,"column":11},"end":{"line":40,"column":5}}],"line":35},"3":{"loc":{"start":{"line":36,"column":23},"end":{"line":36,"column":63}},"type":"cond-expr","locations":[{"start":{"line":36,"column":49},"end":{"line":36,"column":55}},{"start":{"line":36,"column":58},"end":{"line":36,"column":63}}],"line":36}},"s":{"0":1,"1":23,"2":21,"3":6,"4":0,"5":0,"6":21,"7":5,"8":2,"9":3,"10":9,"11":21,"12":10,"13":2,"14":8,"15":8,"16":21},"f":{"0":23,"1":6,"2":0,"3":0,"4":5,"5":9,"6":10},"b":{"0":[0,0],"1":[2,3],"2":[2,8],"3":[1,1]},"_coverageSchema":"1a1c01bbd47fc00a2c39e90264f33305004495a9","hash":"bbfe178dca2ad327880abb39c27ff902647987ab"}
,"C:\\Users\\rouni\\Desktop\\analytics-dashboard\\src\\utils\\ordersUtils.js": {"path":"C:\\Users\\rouni\\Desktop\\analytics-dashboard\\src\\utils\\ordersUtils.js","statementMap":{"0":{"start":{"line":8,"column":28},"end":{"line":62,"column":1}},"1":{"start":{"line":9,"column":20},"end":{"line":60,"column":3}},"2":{"start":{"line":61,"column":2},"end":{"line":61,"column":39}},"3":{"start":{"line":65,"column":24},"end":{"line":71,"column":2}},"4":{"start":{"line":65,"column":46},"end":{"line":71,"column":1}},"5":{"start":{"line":74,"column":30},"end":{"line":77,"column":1}},"6":{"start":{"line":75,"column":17},"end":{"line":75,"column":39}},"7":{"start":{"line":76,"column":2},"end":{"line":76,"column":29}},"8":{"start":{"line":80,"column":34},"end":{"line":83,"column":1}},"9":{"start":{"line":82,"column":2},"end":{"line":82,"column":44}},"10":{"start":{"line":86,"column":27},"end":{"line":93,"column":2}},"11":{"start":{"line":86,"column":34},"end":{"line":93,"column":1}}},"fnMap":{"0":{"name":"(anonymous_0)","decl":{"start":{"line":8,"column":28},"end":{"line":8,"column":29}},"loc":{"start":{"line":8,"column":42},"end":{"line":62,"column":1}},"line":8},"1":{"name":"(anonymous_1)","decl":{"start":{"line":65,"column":24},"end":{"line":65,"column":25}},"loc":{"start":{"line":65,"column":46},"end":{"line":71,"column":1}},"line":65},"2":{"name":"(anonymous_2)","decl":{"start":{"line":74,"column":30},"end":{"line":74,"column":31}},"loc":{"start":{"line":74,"column":64},"end":{"line":77,"column":1}},"line":74},"3":{"name":"(anonymous_3)","decl":{"start":{"line":80,"column":34},"end":{"line":80,"column":35}},"loc":{"start":{"line":80,"column":68},"end":{"line":83,"column":1}},"line":80},"4":{"name":"(anonymous_4)","decl":{"start":{"line":86,"column":27},"end":{"line":86,"column":28}},"loc":{"start":{"line":86,"column":34},"end":{"line":93,"column":1}},"line":86}},"branchMap":{"0":{"loc":{"start":{"line":61,"column":9},"end":{"line":61,"column":38}},"type":"binary-expr","locations":[{"start":{"line":61,"column":9},"end":{"line":61,"column":28}},{"start":{"line":61,"column":32},"end":{"line":61,"column":38}}],"line":61},"1":{"loc":{"start":{"line":65,"column":25},"end":{"line":65,"column":40}},"type":"default-arg","locations":[{"start":{"line":65,"column":33},"end":{"line":65,"column":40}}],"line":65},"2":{"loc":{"start":{"line":70,"column":8},"end":{"line":70,"column":52}},"type":"cond-expr","locations":[{"start":{"line":70,"column":27},"end":{"line":70,"column":38}},{"start":{"line":70,"column":41},"end":{"line":70,"column":52}}],"line":70},"3":{"loc":{"start":{"line":74,"column":44},"end":{"line":74,"column":59}},"type":"default-arg","locations":[{"start":{"line":74,"column":52},"end":{"line":74,"column":59}}],"line":74},"4":{"loc":{"start":{"line":80,"column":48},"end":{"line":80,"column":63}},"type":"default-arg","locations":[{"start":{"line":80,"column":56},"end":{"line":80,"column":63}}],"line":80}},"s":{"0":1,"1":68,"2":68,"3":1,"4":56,"5":1,"6":56,"7":56,"8":1,"9":26,"10":1,"11":5},"f":{"0":68,"1":56,"2":56,"3":26,"4":5},"b":{"0":[68,7],"1":[0],"2":[17,39],"3":[11],"4":[10]},"_coverageSchema":"1a1c01bbd47fc00a2c39e90264f33305004495a9","hash":"d3eaf437d6218225a2c170c165808c601a09c8d2"}
,"C:\\Users\\rouni\\Desktop\\analytics-dashboard\\src\\utils\\validation.js": {"path":"C:\\Users\\rouni\\Desktop\\analytics-dashboard\\src\\utils\\validation.js","statementMap":{"0":{"start":{"line":10,"column":30},"end":{"line":21,"column":1}},"1":{"start":{"line":11,"column":2},"end":{"line":13,"column":3}},"2":{"start":{"line":12,"column":4},"end":{"line":12,"column":14}},"3":{"start":{"line":16,"column":2},"end":{"line":20,"column":12}},"4":{"start":{"line":28,"column":29},"end":{"line":31,"column":1}},"5":{"start":{"line":29,"column":22},"end":{"line":29,"column":39}},"6":{"start":{"line":30,"column":2},"end":{"line":30,"column":55}},"7":{"start":{"line":38,"column":35},"end":{"line":46,"column":1}},"8":{"start":{"line":39,"column":2},"end":{"line":41,"column":3}},"9":{"start":{"line":40,"column":4},"end":{"line":40,"column":14}},"10":{"start":{"line":44,"column":20},"end":{"line":44,"column":41}},"11":{"start":{"line":45,"column":2},"end":{"line":45,"column":74}},"12":{"start":{"line":53,"column":30},"end":{"line":61,"column":1}},"13":{"start":{"line":54,"column":2},"end":{"line":56,"column":3}},"14":{"start":{"line":55,"column":4},"end":{"line":55,"column":21}},"15":{"start":{"line":59,"column":20},"end":{"line":59,"column":57}},"16":{"start":{"line":60,"column":2},"end":{"line":60,"column":32}},"17":{"start":{"line":69,"column":40},"end":{"line":86,"column":1}},"18":{"start":{"line":70,"column":20},"end":{"line":70,"column":29}},"19":{"start":{"line":72,"column":2},"end":{"line":74,"column":3}},"20":{"start":{"line":73,"column":4},"end":{"line":73,"column":17}},"21":{"start":{"line":76,"column":2},"end":{"line":78,"column":3}},"22":{"start":{"line":77,"column":4},"end":{"line":77,"column":17}},"23":{"start":{"line":81,"column":2},"end":{"line":83,"column":3}},"24":{"start":{"line":82,"column":4},"end":{"line":82,"column":17}},"25":{"start":{"line":85,"column":2},"end":{"line":85,"column":14}},"26":{"start":{"line":94,"column":35},"end":{"line":107,"column":1}},"27":{"start":{"line":95,"column":2},"end":{"line":106,"column":3}},"28":{"start":{"line":96,"column":18},"end":{"line":96,"column":43}},"29":{"start":{"line":98,"column":4},"end":{"line":100,"column":5}},"30":{"start":{"line":99,"column":6},"end":{"line":99,"column":26}},"31":{"start":{"line":102,"column":4},"end":{"line":102,"column":17}},"32":{"start":{"line":104,"column":4},"end":{"line":104,"column":55}},"33":{"start":{"line":105,"column":4},"end":{"line":105,"column":24}},"34":{"start":{"line":115,"column":35},"end":{"line":127,"column":1}},"35":{"start":{"line":116,"column":2},"end":{"line":126,"column":3}},"36":{"start":{"line":117,"column":4},"end":{"line":119,"column":5}},"37":{"start":{"line":118,"column":6},"end":{"line":118,"column":19}},"38":{"start":{"line":121,"column":4},"end":{"line":121,"column":37}},"39":{"start":{"line":122,"column":4},"end":{"line":122,"column":16}},"40":{"start":{"line":124,"column":4},"end":{"line":124,"column":54}},"41":{"start":{"line":125,"column":4},"end":{"line":125,"column":17}}},"fnMap":{"0":{"name":"(anonymous_0)","decl":{"start":{"line":10,"column":30},"end":{"line":10,"column":31}},"loc":{"start":{"line":10,"column":41},"end":{"line":21,"column":1}},"line":10},"1":{"name":"(anonymous_1)","decl":{"start":{"line":28,"column":29},"end":{"line":28,"column":30}},"loc":{"start":{"line":28,"column":40},"end":{"line":31,"column":1}},"line":28},"2":{"name":"(anonymous_2)","decl":{"start":{"line":38,"column":35},"end":{"line":38,"column":36}},"loc":{"start":{"line":38,"column":46},"end":{"line":46,"column":1}},"line":38},"3":{"name":"(anonymous_3)","decl":{"start":{"line":53,"column":30},"end":{"line":53,"column":31}},"loc":{"start":{"line":53,"column":42},"end":{"line":61,"column":1}},"line":53},"4":{"name":"(anonymous_4)","decl":{"start":{"line":69,"column":40},"end":{"line":69,"column":41}},"loc":{"start":{"line":69,"column":56},"end":{"line":86,"column":1}},"line":69},"5":{"name":"(anonymous_5)","decl":{"start":{"line":94,"column":35},"end":{"line":94,"column":36}},"loc":{"start":{"line":94,"column":63},"end":{"line":107,"column":1}},"line":94},"6":{"name":"(anonymous_6)","decl":{"start":{"line":115,"column":35},"end":{"line":115,"column":36}},"loc":{"start":{"line":115,"column":51},"end":{"line":127,"column":1}},"line":115}},"branchMap":{"0":{"loc":{"start":{"line":11,"column":2},"end":{"line":13,"column":3}},"type":"if","locations":[{"start":{"line":11,"column":2},"end":{"line":13,"column":3}},{"start":{},"end":{}}],"line":11},"1":{"loc":{"start":{"line":30,"column":9},"end":{"line":30,"column":54}},"type":"cond-expr","locations":[{"start":{"line":30,"column":39},"end":{"line":30,"column":44}},{"start":{"line":30,"column":47},"end":{"line":30,"column":54}}],"line":30},"2":{"loc":{"start":{"line":39,"column":2},"end":{"line":41,"column":3}},"type":"if","locations":[{"start":{"line":39,"column":2},"end":{"line":41,"column":3}},{"start":{},"end":{}}],"line":39},"3":{"loc":{"start":{"line":45,"column":9},"end":{"line":45,"column":73}},"type":"cond-expr","locations":[{"start":{"line":45,"column":34},"end":{"line":45,"column":61}},{"start":{"line":45,"column":64},"end":{"line":45,"column":73}}],"line":45},"4":{"loc":{"start":{"line":54,"column":2},"end":{"line":56,"column":3}},"type":"if","locations":[{"start":{"line":54,"column":2},"end":{"line":56,"column":3}},{"start":{},"end":{}}],"line":54},"5":{"loc":{"start":{"line":60,"column":9},"end":{"line":60,"column":31}},"type":"binary-expr","locations":[{"start":{"line":60,"column":9},"end":{"line":60,"column":18}},{"start":{"line":60,"column":22},"end":{"line":60,"column":31}}],"line":60},"6":{"loc":{"start":{"line":72,"column":2},"end":{"line":74,"column":3}},"type":"if","locations":[{"start":{"line":72,"column":2},"end":{"line":74,"column":3}},{"start":{},"end":{}}],"line":72},"7":{"loc":{"start":{"line":76,"column":2},"end":{"line":78,"column":3}},"type":"if","locations":[{"start":{"line":76,"column":2},"end":{"line":78,"column":3}},{"start":{},"end":{}}],"line":76},"8":{"loc":{"start":{"line":81,"column":2},"end":{"line":83,"column":3}},"type":"if","locations":[{"start":{"line":81,"column":2},"end":{"line":83,"column":3}},{"start":{},"end":{}}],"line":81},"9":{"loc":{"start":{"line":94,"column":41},"end":{"line":94,"column":58}},"type":"default-arg","locations":[{"start":{"line":94,"column":56},"end":{"line":94,"column":58}}],"line":94},"10":{"loc":{"start":{"line":98,"column":4},"end":{"line":100,"column":5}},"type":"if","locations":[{"start":{"line":98,"column":4},"end":{"line":100,"column":5}},{"start":{},"end":{}}],"line":98},"11":{"loc":{"start":{"line":117,"column":4},"end":{"line":119,"column":5}},"type":"if","locations":[{"start":{"line":117,"column":4},"end":{"line":119,"column":5}},{"start":{},"end":{}}],"line":117}},"s":{"0":2,"1":16,"2":0,"3":16,"4":2,"5":0,"6":0,"7":2,"8":16,"9":0,"10":16,"11":16,"12":2,"13":11,"14":0,"15":11,"16":11,"17":2,"18":0,"19":0,"20":0,"21":0,"22":0,"23":0,"24":0,"25":0,"26":2,"27":0,"28":0,"29":0,"30":0,"31":0,"32":0,"33":0,"34":2,"35":0,"36":0,"37":0,"38":0,"39":0,"40":0,"41":0},"f":{"0":16,"1":0,"2":16,"3":11,"4":0,"5":0,"6":0},"b":{"0":[0,16],"1":[0,0],"2":[0,16],"3":[0,16],"4":[0,11],"5":[11,0],"6":[0,0],"7":[0,0],"8":[0,0],"9":[0],"10":[0,0],"11":[0,0]},"_coverageSchema":"1a1c01bbd47fc00a2c39e90264f33305004495a9","hash":"b9c47daa9bd0b438e59b73359e51da0ec853fcb1"}
}
