TN:
SF:src\App.jsx
FN:25,(anonymous_0)
FN:63,App
FN:68,(anonymous_2)
FN:69,(anonymous_3)
FN:72,(anonymous_4)
FNF:5
FNH:5
FNDA:32,(anonymous_0)
FNDA:32,App
FNDA:1,(anonymous_2)
FNDA:1,(anonymous_3)
FNDA:11,(anonymous_4)
DA:25,1
DA:26,32
DA:50,1
DA:64,32
DA:65,32
DA:66,32
DA:68,32
DA:69,1
DA:72,32
DA:73,11
DA:74,11
DA:78,32
DA:89,32
DA:96,32
LF:14
LH:14
BRDA:42,0,0,7
BRDA:42,0,1,25
BRF:2
BRH:2
end_of_record
TN:
SF:src\components\Dashboard.jsx
FN:15,(anonymous_0)
FN:45,(anonymous_1)
FNF:2
FNH:2
FNDA:17,(anonymous_0)
FNDA:58,(anonymous_1)
DA:15,1
DA:16,17
DA:18,17
DA:47,58
DA:55,58
DA:62,58
LF:6
LH:6
BRF:0
BRH:0
end_of_record
TN:
SF:src\components\ErrorBoundary.jsx
FN:9,(anonymous_0)
FN:18,(anonymous_1)
FN:23,(anonymous_2)
FN:36,(anonymous_3)
FN:44,(anonymous_4)
FN:106,(anonymous_5)
FNF:6
FNH:5
FNDA:40,(anonymous_0)
FNDA:20,(anonymous_1)
FNDA:10,(anonymous_2)
FNDA:1,(anonymous_3)
FNDA:84,(anonymous_4)
FNDA:0,(anonymous_5)
DA:10,40
DA:11,39
DA:20,20
DA:25,10
DA:27,10
DA:36,39
DA:37,1
DA:45,84
DA:47,31
DA:48,3
DA:52,28
DA:106,0
DA:117,53
DA:121,2
LF:14
LH:13
BRDA:45,0,0,31
BRDA:45,0,1,53
BRDA:47,1,0,3
BRDA:47,1,1,28
BRDA:84,2,0,28
BRDA:84,2,1,3
BRDA:84,2,2,1
BRF:7
BRH:7
end_of_record
TN:
SF:src\components\OrdersPage.jsx
FN:15,(anonymous_0)
FN:47,(anonymous_1)
FN:53,(anonymous_2)
FN:58,(anonymous_3)
FN:62,(anonymous_4)
FN:66,(anonymous_5)
FNF:6
FNH:5
FNDA:25,(anonymous_0)
FNDA:0,(anonymous_1)
FNDA:1,(anonymous_2)
FNDA:3,(anonymous_3)
FNDA:1,(anonymous_4)
FNDA:1,(anonymous_5)
DA:15,1
DA:17,25
DA:20,25
DA:21,25
DA:42,25
DA:44,25
DA:47,25
DA:48,0
DA:49,0
DA:53,25
DA:54,1
DA:58,25
DA:59,3
DA:62,25
DA:63,1
DA:66,25
DA:68,1
DA:71,25
LF:18
LH:16
BRF:0
BRH:0
end_of_record
TN:
SF:src\components\charts\BarChart.jsx
FN:14,(anonymous_0)
FN:73,(anonymous_1)
FN:114,(anonymous_2)
FNF:3
FNH:1
FNDA:21,(anonymous_0)
FNDA:0,(anonymous_1)
FNDA:0,(anonymous_2)
DA:14,1
DA:15,21
DA:74,0
DA:75,0
DA:77,0
DA:114,0
DA:119,21
DA:138,1
DA:145,1
LF:9
LH:5
BRDA:14,0,0,0
BRDA:74,1,0,0
BRDA:74,1,1,0
BRF:3
BRH:0
end_of_record
TN:
SF:src\components\charts\DonutChart.jsx
FN:15,(anonymous_0)
FN:70,(anonymous_1)
FN:77,(anonymous_2)
FN:85,(anonymous_3)
FNF:4
FNH:3
FNDA:27,(anonymous_0)
FNDA:0,(anonymous_1)
FNDA:27,(anonymous_2)
FNDA:111,(anonymous_3)
DA:15,1
DA:16,27
DA:70,0
DA:77,27
DA:79,27
DA:80,4
DA:83,23
DA:86,111
DA:87,111
DA:88,2
DA:91,109
DA:110,27
DA:133,1
DA:141,1
LF:14
LH:13
BRDA:15,0,0,0
BRDA:79,1,0,4
BRDA:79,1,1,23
BRDA:79,2,0,27
BRDA:79,2,1,26
BRDA:79,2,2,25
BRDA:79,2,3,24
BRDA:87,3,0,2
BRDA:87,3,1,109
BRDA:87,4,0,111
BRDA:87,4,1,109
BRF:11
BRH:10
end_of_record
TN:
SF:src\components\charts\LineChart.jsx
FN:13,(anonymous_0)
FN:15,(anonymous_1)
FN:98,(anonymous_2)
FN:127,(anonymous_3)
FN:150,(anonymous_4)
FNF:5
FNH:3
FNDA:18,(anonymous_0)
FNDA:42,(anonymous_1)
FNDA:0,(anonymous_2)
FNDA:0,(anonymous_3)
FNDA:42,(anonymous_4)
DA:13,1
DA:15,18
DA:16,42
DA:18,13
DA:19,13
DA:21,13
DA:36,29
DA:43,18
DA:98,0
DA:127,0
DA:139,18
DA:151,42
DA:174,1
LF:13
LH:11
BRDA:13,0,0,0
BRDA:16,1,0,13
BRDA:16,1,1,29
BRF:3
BRH:2
end_of_record
TN:
SF:src\components\charts\RevenueByLocation.jsx
FN:12,(anonymous_0)
FN:14,(anonymous_1)
FN:36,(anonymous_2)
FNF:3
FNH:0
FNDA:0,(anonymous_0)
FNDA:0,(anonymous_1)
FNDA:0,(anonymous_2)
DA:12,0
DA:14,0
DA:16,0
DA:37,0
DA:38,0
DA:40,0
LF:6
LH:0
BRDA:12,0,0,0
BRF:1
BRH:0
end_of_record
TN:
SF:src\components\layout\Header.jsx
FN:19,(anonymous_0)
FN:23,(anonymous_1)
FN:34,(anonymous_2)
FN:51,(anonymous_3)
FN:121,(anonymous_4)
FN:140,(anonymous_5)
FNF:6
FNH:6
FNDA:32,(anonymous_0)
FNDA:2,(anonymous_1)
FNDA:2,(anonymous_2)
FNDA:32,(anonymous_3)
FNDA:14,(anonymous_4)
FNDA:1,(anonymous_5)
DA:19,1
DA:20,32
DA:21,32
DA:23,32
DA:24,2
DA:26,2
DA:27,2
DA:29,2
DA:34,32
DA:35,2
DA:37,2
DA:39,1
DA:40,1
DA:44,1
DA:45,1
DA:51,32
DA:52,32
DA:54,29
DA:56,1
DA:58,0
DA:60,1
DA:62,0
DA:64,0
DA:66,0
DA:68,0
DA:70,0
DA:72,0
DA:74,1
DA:78,32
DA:121,14
DA:141,1
DA:142,1
DA:143,1
DA:160,1
DA:168,1
LF:35
LH:28
BRDA:27,0,0,2
BRDA:27,0,1,0
BRDA:37,1,0,1
BRDA:37,1,1,1
BRDA:39,2,0,1
BRDA:39,2,1,0
BRDA:44,3,0,1
BRDA:44,3,1,0
BRDA:52,4,0,29
BRDA:52,4,1,1
BRDA:52,4,2,0
BRDA:52,4,3,1
BRDA:52,4,4,0
BRDA:52,4,5,0
BRDA:52,4,6,0
BRDA:52,4,7,0
BRDA:52,4,8,0
BRDA:52,4,9,0
BRDA:52,4,10,1
BRDA:115,5,0,1
BRDA:115,5,1,31
BRDA:133,6,0,31
BRDA:133,6,1,1
BRDA:133,7,0,31
BRDA:133,7,1,1
BRDA:142,8,0,1
BRDA:142,8,1,0
BRF:27
BRH:16
end_of_record
TN:
SF:src\components\layout\ResponsiveLayout.jsx
FN:14,(anonymous_0)
FN:19,(anonymous_1)
FN:20,(anonymous_2)
FN:34,(anonymous_3)
FN:37,(anonymous_4)
FN:38,(anonymous_5)
FN:41,(anonymous_6)
FN:42,(anonymous_7)
FNF:8
FNH:8
FNDA:36,(anonymous_0)
FNDA:19,(anonymous_1)
FNDA:22,(anonymous_2)
FNDA:19,(anonymous_3)
FNDA:5,(anonymous_4)
FNDA:5,(anonymous_5)
FNDA:5,(anonymous_6)
FNDA:5,(anonymous_7)
DA:14,1
DA:15,36
DA:16,36
DA:19,36
DA:20,19
DA:21,22
DA:22,1
DA:24,21
DA:29,19
DA:32,19
DA:34,19
DA:37,36
DA:38,5
DA:41,36
DA:42,5
DA:44,5
DA:45,5
DA:49,36
DA:149,1
LF:19
LH:19
BRDA:21,0,0,1
BRDA:21,0,1,21
BRDA:44,1,0,5
BRDA:44,1,1,0
BRDA:54,2,0,36
BRDA:54,2,1,35
BRDA:59,3,0,36
BRDA:59,3,1,7
BRDA:82,4,0,7
BRDA:82,4,1,7
BRDA:91,5,0,36
BRDA:91,5,1,35
BRDA:99,6,0,36
BRDA:99,6,1,8
BRDA:114,7,0,36
BRDA:114,7,1,8
BRF:16
BRH:15
end_of_record
TN:
SF:src\components\layout\RightSidebar.jsx
FN:14,(anonymous_0)
FN:28,(anonymous_1)
FN:50,(anonymous_2)
FN:72,(anonymous_3)
FNF:4
FNH:4
FNDA:19,(anonymous_0)
FNDA:37,(anonymous_1)
FNDA:31,(anonymous_2)
FNDA:31,(anonymous_3)
DA:14,1
DA:15,19
DA:29,37
DA:51,31
DA:73,31
DA:87,1
LF:6
LH:6
BRDA:25,0,0,19
BRDA:25,0,1,2
BRDA:47,1,0,19
BRDA:47,1,1,2
BRDA:69,2,0,19
BRDA:69,2,1,2
BRF:6
BRH:6
end_of_record
TN:
SF:src\components\layout\Sidebar.jsx
FN:18,(anonymous_0)
FN:25,(anonymous_1)
FN:26,(anonymous_2)
FN:46,(anonymous_3)
FN:49,(anonymous_4)
FN:50,(anonymous_5)
FN:70,(anonymous_6)
FN:78,(anonymous_7)
FN:136,(anonymous_8)
FN:140,(anonymous_9)
FN:157,(anonymous_10)
FN:183,(anonymous_11)
FN:217,(anonymous_12)
FN:260,(anonymous_13)
FNF:14
FNH:13
FNDA:35,(anonymous_0)
FNDA:16,(anonymous_1)
FNDA:17,(anonymous_2)
FNDA:16,(anonymous_3)
FNDA:2,(anonymous_4)
FNDA:2,(anonymous_5)
FNDA:91,(anonymous_6)
FNDA:6,(anonymous_7)
FNDA:4,(anonymous_8)
FNDA:1,(anonymous_9)
FNDA:62,(anonymous_10)
FNDA:0,(anonymous_11)
FNDA:91,(anonymous_12)
FNDA:62,(anonymous_13)
DA:18,1
DA:19,35
DA:22,35
DA:25,35
DA:26,16
DA:27,17
DA:28,17
DA:31,17
DA:32,17
DA:33,1
DA:36,16
DA:41,16
DA:44,16
DA:46,16
DA:49,35
DA:50,2
DA:57,35
DA:70,35
DA:71,91
DA:72,91
DA:73,91
DA:76,91
DA:78,91
DA:79,6
DA:80,2
DA:83,4
DA:86,4
DA:87,1
DA:92,91
DA:137,4
DA:141,1
DA:143,1
DA:144,0
DA:157,35
DA:159,62
DA:162,62
DA:163,0
DA:184,0
DA:200,62
DA:218,91
DA:234,35
DA:236,35
DA:261,62
DA:269,1
DA:279,1
LF:45
LH:42
BRDA:32,0,0,1
BRDA:32,0,1,16
BRDA:32,1,0,17
BRDA:32,1,1,13
BRDA:72,2,0,91
BRDA:72,2,1,89
BRDA:73,3,0,91
BRDA:73,3,1,60
BRDA:76,4,0,91
BRDA:76,4,1,70
BRDA:79,5,0,2
BRDA:79,5,1,4
BRDA:86,6,0,1
BRDA:86,6,1,3
BRDA:86,7,0,4
BRDA:86,7,1,2
BRDA:100,8,0,29
BRDA:100,8,1,62
BRDA:101,9,0,2
BRDA:101,9,1,27
BRDA:102,10,0,4
BRDA:102,10,1,58
BRDA:103,11,0,6
BRDA:103,11,1,85
BRDA:103,12,0,29
BRDA:103,12,1,62
BRDA:107,13,0,91
BRDA:107,13,1,85
BRDA:107,13,2,58
BRDA:107,14,0,85
BRDA:107,14,1,85
BRDA:107,14,2,0
BRDA:107,14,3,85
BRDA:108,15,0,0
BRDA:108,15,1,58
BRDA:109,16,0,0
BRDA:109,16,1,0
BRDA:116,17,0,0
BRDA:116,17,1,91
BRDA:118,18,0,0
BRDA:118,18,1,0
BRDA:118,19,0,0
BRDA:118,19,1,0
BRDA:119,20,0,0
BRDA:119,20,1,91
BRDA:119,21,0,91
BRDA:119,21,1,0
BRDA:121,22,0,0
BRDA:121,22,1,0
BRDA:121,23,0,0
BRDA:121,23,1,0
BRDA:122,24,0,0
BRDA:122,24,1,91
BRDA:122,25,0,91
BRDA:122,25,1,91
BRDA:124,26,0,0
BRDA:124,26,1,0
BRDA:124,27,0,0
BRDA:124,27,1,0
BRDA:127,28,0,6
BRDA:127,28,1,85
BRDA:127,29,0,6
BRDA:127,29,1,85
BRDA:130,30,0,91
BRDA:130,30,1,85
BRDA:134,31,0,91
BRDA:134,31,1,29
BRDA:134,31,2,2
BRDA:143,32,0,0
BRDA:143,32,1,1
BRDA:143,33,0,1
BRDA:143,33,1,0
BRDA:159,34,0,62
BRDA:159,34,1,48
BRDA:162,35,0,0
BRDA:162,35,1,62
BRDA:165,36,0,0
BRDA:165,36,1,0
BRDA:181,37,0,0
BRDA:181,37,1,0
BRDA:181,37,2,0
BRDA:202,38,0,62
BRDA:202,38,1,58
BRDA:215,39,0,62
BRDA:215,39,1,62
BRDA:215,39,2,62
BRDA:234,40,0,35
BRDA:234,40,1,28
BRDA:241,41,0,2
BRDA:241,41,1,33
BRDA:252,42,0,35
BRDA:252,42,1,33
BRF:92
BRH:64
end_of_record
TN:
SF:src\components\orders\AddOrderModal.jsx
FN:10,(anonymous_0)
FN:30,(anonymous_1)
FN:32,(anonymous_2)
FN:39,(anonymous_3)
FN:46,(anonymous_4)
FN:47,(anonymous_5)
FN:48,(anonymous_6)
FN:55,(anonymous_7)
FN:75,(anonymous_8)
FN:106,(anonymous_9)
FN:134,(anonymous_10)
FN:238,(anonymous_11)
FN:245,(anonymous_12)
FNF:13
FNH:0
FNDA:0,(anonymous_0)
FNDA:0,(anonymous_1)
FNDA:0,(anonymous_2)
FNDA:0,(anonymous_3)
FNDA:0,(anonymous_4)
FNDA:0,(anonymous_5)
FNDA:0,(anonymous_6)
FNDA:0,(anonymous_7)
FNDA:0,(anonymous_8)
FNDA:0,(anonymous_9)
FNDA:0,(anonymous_10)
FNDA:0,(anonymous_11)
FNDA:0,(anonymous_12)
DA:10,0
DA:11,0
DA:12,0
DA:21,0
DA:23,0
DA:30,0
DA:31,0
DA:32,0
DA:38,0
DA:39,0
DA:46,0
DA:47,0
DA:48,0
DA:55,0
DA:56,0
DA:58,0
DA:59,0
DA:61,0
DA:62,0
DA:64,0
DA:65,0
DA:67,0
DA:68,0
DA:71,0
DA:72,0
DA:75,0
DA:76,0
DA:78,0
DA:79,0
DA:90,0
DA:93,0
DA:101,0
DA:102,0
DA:106,0
DA:107,0
DA:115,0
DA:116,0
DA:119,0
DA:134,0
DA:238,0
DA:246,0
DA:289,0
LF:42
LH:0
BRDA:38,0,0,0
BRDA:38,0,1,0
BRDA:58,1,0,0
BRDA:58,1,1,0
BRDA:61,2,0,0
BRDA:61,2,1,0
BRDA:64,3,0,0
BRDA:64,3,1,0
BRDA:67,4,0,0
BRDA:67,4,1,0
BRDA:78,5,0,0
BRDA:78,5,1,0
BRDA:121,6,0,0
BRDA:121,6,1,0
BRDA:163,7,0,0
BRDA:163,7,1,0
BRDA:166,8,0,0
BRDA:166,8,1,0
BRDA:183,9,0,0
BRDA:183,9,1,0
BRDA:186,10,0,0
BRDA:186,10,1,0
BRDA:203,11,0,0
BRDA:203,11,1,0
BRDA:206,12,0,0
BRDA:206,12,1,0
BRDA:223,13,0,0
BRDA:223,13,1,0
BRDA:226,14,0,0
BRDA:226,14,1,0
BRDA:240,15,0,0
BRDA:240,15,1,0
BRDA:263,16,0,0
BRDA:263,16,1,0
BRDA:273,17,0,0
BRDA:273,17,1,0
BRF:36
BRH:0
end_of_record
TN:
SF:src\components\orders\OrdersHeader.jsx
FN:11,(anonymous_0)
FN:50,(anonymous_1)
FN:64,(anonymous_2)
FN:71,(anonymous_3)
FN:74,(anonymous_4)
FN:101,(anonymous_5)
FNF:6
FNH:0
FNDA:0,(anonymous_0)
FNDA:0,(anonymous_1)
FNDA:0,(anonymous_2)
FNDA:0,(anonymous_3)
FNDA:0,(anonymous_4)
FNDA:0,(anonymous_5)
DA:11,0
DA:22,0
DA:23,0
DA:50,0
DA:64,0
DA:72,0
DA:74,0
DA:101,0
DA:110,0
LF:9
LH:0
BRDA:41,0,0,0
BRDA:41,0,1,0
BRDA:52,1,0,0
BRDA:52,1,1,0
BRDA:59,2,0,0
BRDA:59,2,1,0
BRDA:66,3,0,0
BRDA:66,3,1,0
BRDA:76,4,0,0
BRDA:76,4,1,0
BRDA:88,5,0,0
BRDA:88,5,1,0
BRDA:102,6,0,0
BRDA:102,6,1,0
BRF:14
BRH:0
end_of_record
TN:
SF:src\components\orders\OrdersPagination.jsx
FN:6,(anonymous_0)
FN:24,(anonymous_1)
FN:34,(anonymous_2)
FN:49,(anonymous_3)
FN:62,(anonymous_4)
FNF:5
FNH:0
FNDA:0,(anonymous_0)
FNDA:0,(anonymous_1)
FNDA:0,(anonymous_2)
FNDA:0,(anonymous_3)
FNDA:0,(anonymous_4)
DA:6,0
DA:14,0
DA:16,0
DA:24,0
DA:36,0
DA:37,0
DA:38,0
DA:39,0
DA:40,0
DA:41,0
DA:43,0
DA:46,0
DA:49,0
DA:62,0
LF:14
LH:0
BRDA:14,0,0,0
BRDA:14,0,1,0
BRDA:36,1,0,0
BRDA:36,1,1,0
BRDA:38,2,0,0
BRDA:38,2,1,0
BRDA:40,3,0,0
BRDA:40,3,1,0
BRDA:51,4,0,0
BRDA:51,4,1,0
BRF:10
BRH:0
end_of_record
TN:
SF:src\components\orders\OrdersTable.jsx
FN:11,(anonymous_0)
FN:45,(anonymous_1)
FN:52,(anonymous_2)
FN:69,(anonymous_3)
FN:84,(anonymous_4)
FNF:5
FNH:0
FNDA:0,(anonymous_0)
FNDA:0,(anonymous_1)
FNDA:0,(anonymous_2)
FNDA:0,(anonymous_3)
FNDA:0,(anonymous_4)
DA:11,0
DA:21,0
DA:22,0
DA:24,0
DA:46,0
DA:48,0
DA:52,0
DA:70,0
DA:84,0
LF:9
LH:0
BRDA:39,0,0,0
BRDA:39,0,1,0
BRDA:56,1,0,0
BRDA:56,1,1,0
BRDA:57,2,0,0
BRDA:57,2,1,0
BRDA:68,3,0,0
BRDA:68,3,1,0
BRDA:76,4,0,0
BRDA:76,4,1,0
BRDA:115,5,0,0
BRDA:115,5,1,0
BRDA:142,6,0,0
BRDA:142,6,1,0
BRF:14
BRH:0
end_of_record
TN:
SF:src\components\ui\ActivityItem.jsx
FN:13,(anonymous_0)
FN:15,(anonymous_1)
FNF:2
FNH:2
FNDA:10,(anonymous_0)
FNDA:10,(anonymous_1)
DA:13,1
DA:15,10
DA:16,10
DA:17,10
DA:20,10
DA:22,10
LF:6
LH:6
BRDA:13,0,0,1
BRF:1
BRH:1
end_of_record
TN:
SF:src\components\ui\ContactItem.jsx
FN:12,(anonymous_0)
FN:14,(anonymous_1)
FNF:2
FNH:2
FNDA:8,(anonymous_0)
FNDA:8,(anonymous_1)
DA:12,1
DA:14,8
DA:15,8
DA:16,8
DA:19,8
DA:21,8
LF:6
LH:6
BRDA:12,0,0,1
BRF:1
BRH:1
end_of_record
TN:
SF:src\components\ui\DataTable.jsx
FN:12,(anonymous_0)
FN:27,(anonymous_1)
FN:38,(anonymous_2)
FNF:3
FNH:0
FNDA:0,(anonymous_0)
FNDA:0,(anonymous_1)
FNDA:0,(anonymous_2)
DA:12,0
DA:13,0
DA:28,0
DA:39,0
LF:4
LH:0
BRDA:12,0,0,0
BRF:1
BRH:0
end_of_record
TN:
SF:src\components\ui\MetricCard.jsx
FN:21,(anonymous_0)
FN:25,(anonymous_1)
FN:29,(anonymous_2)
FNF:3
FNH:2
FNDA:15,(anonymous_0)
FNDA:0,(anonymous_1)
FNDA:15,(anonymous_2)
DA:21,1
DA:25,15
DA:26,0
DA:29,15
DA:30,15
DA:33,15
DA:35,15
DA:65,1
DA:76,1
LF:9
LH:8
BRDA:21,0,0,14
BRDA:21,1,0,14
BRDA:21,2,0,14
BRDA:30,3,0,13
BRDA:30,3,1,2
BRF:5
BRH:5
end_of_record
TN:
SF:src\components\ui\NotificationItem.jsx
FN:13,(anonymous_0)
FN:15,(anonymous_1)
FNF:2
FNH:2
FNDA:13,(anonymous_0)
FNDA:13,(anonymous_1)
DA:13,1
DA:15,13
DA:16,13
DA:18,10
DA:19,0
DA:20,10
DA:21,0
DA:22,10
DA:23,0
DA:25,10
DA:28,13
DA:30,13
LF:12
LH:9
BRDA:13,0,0,1
BRDA:16,1,0,3
BRDA:16,1,1,10
BRDA:18,2,0,0
BRDA:18,2,1,10
BRDA:20,3,0,0
BRDA:20,3,1,10
BRDA:22,4,0,0
BRDA:22,4,1,10
BRF:9
BRH:6
end_of_record
TN:
SF:src\components\ui\ThemeSvg.jsx
FN:14,(anonymous_0)
FN:38,(anonymous_1)
FNF:2
FNH:2
FNDA:63,(anonymous_0)
FNDA:1,(anonymous_1)
DA:14,4
DA:21,63
DA:24,63
DA:27,63
DA:31,63
DA:40,1
DA:41,1
DA:48,4
LF:8
LH:8
BRDA:16,0,0,31
BRDA:17,1,0,62
BRDA:18,2,0,62
BRDA:27,3,0,27
BRDA:27,3,1,36
BRF:5
BRH:5
end_of_record
TN:
SF:src\contexts\ThemeContext.jsx
FN:7,(anonymous_0)
FN:15,(anonymous_1)
FN:16,(anonymous_2)
FN:22,(anonymous_3)
FN:31,(anonymous_4)
FN:32,(anonymous_5)
FN:35,(anonymous_6)
FNF:7
FNH:7
FNDA:79,(anonymous_0)
FNDA:168,(anonymous_1)
FNDA:148,(anonymous_2)
FNDA:151,(anonymous_3)
FNDA:5,(anonymous_4)
FNDA:5,(anonymous_5)
FNDA:153,(anonymous_6)
DA:5,9
DA:7,9
DA:8,79
DA:9,78
DA:10,2
DA:12,76
DA:15,9
DA:16,168
DA:18,148
DA:19,148
DA:22,168
DA:24,151
DA:25,151
DA:28,151
DA:31,168
DA:32,5
DA:35,168
DA:43,168
DA:50,9
LF:19
LH:19
BRDA:9,0,0,2
BRDA:9,0,1,76
BRDA:32,1,0,5
BRDA:32,1,1,0
BRF:4
BRH:3
end_of_record
TN:
SF:src\hooks\useOrdersData.js
FN:6,(anonymous_0)
FN:18,(anonymous_1)
FN:19,(anonymous_2)
FN:24,(anonymous_3)
FN:25,(anonymous_4)
FN:39,(anonymous_5)
FN:72,(anonymous_6)
FN:77,(anonymous_7)
FN:78,(anonymous_8)
FN:85,(anonymous_9)
FN:91,(anonymous_10)
FN:92,(anonymous_11)
FNF:12
FNH:12
FNDA:59,(anonymous_0)
FNDA:24,(anonymous_1)
FNDA:113,(anonymous_2)
FNDA:38,(anonymous_3)
FNDA:169,(anonymous_4)
FNDA:9,(anonymous_5)
FNDA:34,(anonymous_6)
FNDA:25,(anonymous_7)
FNDA:2,(anonymous_8)
FNDA:25,(anonymous_9)
FNDA:1,(anonymous_10)
FNDA:1,(anonymous_11)
DA:6,1
DA:7,59
DA:8,59
DA:9,59
DA:10,59
DA:11,59
DA:12,59
DA:13,59
DA:14,59
DA:15,59
DA:18,55
DA:19,113
DA:20,24
DA:24,55
DA:25,38
DA:27,169
DA:33,169
DA:35,169
DA:38,38
DA:39,3
DA:40,9
DA:41,9
DA:44,9
DA:45,3
DA:46,3
DA:49,9
DA:50,9
DA:51,9
DA:54,9
DA:55,6
DA:57,3
DA:62,38
DA:66,55
DA:67,55
DA:68,55
DA:69,55
DA:72,55
DA:73,34
DA:77,55
DA:78,25
DA:79,2
DA:80,0
DA:84,25
DA:85,25
DA:86,25
DA:91,55
DA:92,1
DA:95,55
LF:48
LH:47
BRDA:27,0,0,169
BRDA:27,0,1,35
BRDA:27,0,2,28
BRDA:27,0,3,23
BRDA:27,0,4,22
BRDA:33,1,0,169
BRDA:33,1,1,12
BRDA:35,2,0,169
BRDA:35,2,1,148
BRDA:38,3,0,3
BRDA:38,3,1,35
BRDA:44,4,0,3
BRDA:44,4,1,6
BRDA:49,5,0,9
BRDA:49,5,1,0
BRDA:54,6,0,6
BRDA:54,6,1,3
BRDA:55,7,0,3
BRDA:55,7,1,3
BRDA:57,8,0,3
BRDA:57,8,1,0
BRDA:79,9,0,0
BRDA:79,9,1,2
BRDA:79,10,0,2
BRDA:79,10,1,0
BRF:25
BRH:21
end_of_record
TN:
SF:src\hooks\useOrdersTable.js
FN:4,(anonymous_0)
FN:16,(anonymous_1)
FN:17,(anonymous_2)
FN:19,(anonymous_3)
FN:25,(anonymous_4)
FN:29,(anonymous_5)
FN:34,(anonymous_6)
FNF:7
FNH:5
FNDA:23,(anonymous_0)
FNDA:6,(anonymous_1)
FNDA:0,(anonymous_2)
FNDA:0,(anonymous_3)
FNDA:5,(anonymous_4)
FNDA:9,(anonymous_5)
FNDA:10,(anonymous_6)
DA:4,1
DA:13,23
DA:16,21
DA:17,6
DA:18,0
DA:19,0
DA:25,21
DA:26,5
DA:27,2
DA:29,9
DA:34,21
DA:35,10
DA:36,2
DA:38,8
DA:39,8
DA:43,21
LF:16
LH:14
BRDA:18,0,0,0
BRDA:18,0,1,0
BRDA:26,1,0,2
BRDA:26,1,1,3
BRDA:35,2,0,2
BRDA:35,2,1,8
BRDA:36,3,0,1
BRDA:36,3,1,1
BRF:8
BRH:6
end_of_record
TN:
SF:src\utils\ordersUtils.js
FN:8,(anonymous_0)
FN:65,(anonymous_1)
FN:74,(anonymous_2)
FN:80,(anonymous_3)
FN:86,(anonymous_4)
FNF:5
FNH:5
FNDA:68,(anonymous_0)
FNDA:56,(anonymous_1)
FNDA:56,(anonymous_2)
FNDA:26,(anonymous_3)
FNDA:5,(anonymous_4)
DA:8,1
DA:9,68
DA:61,68
DA:65,56
DA:74,1
DA:75,56
DA:76,56
DA:80,1
DA:82,26
DA:86,5
LF:10
LH:10
BRDA:61,0,0,68
BRDA:61,0,1,7
BRDA:65,1,0,0
BRDA:70,2,0,17
BRDA:70,2,1,39
BRDA:74,3,0,11
BRDA:80,4,0,10
BRF:7
BRH:6
end_of_record
TN:
SF:src\utils\validation.js
FN:10,(anonymous_0)
FN:28,(anonymous_1)
FN:38,(anonymous_2)
FN:53,(anonymous_3)
FN:69,(anonymous_4)
FN:94,(anonymous_5)
FN:115,(anonymous_6)
FNF:7
FNH:3
FNDA:16,(anonymous_0)
FNDA:0,(anonymous_1)
FNDA:16,(anonymous_2)
FNDA:11,(anonymous_3)
FNDA:0,(anonymous_4)
FNDA:0,(anonymous_5)
FNDA:0,(anonymous_6)
DA:10,2
DA:11,16
DA:12,0
DA:16,16
DA:28,2
DA:29,0
DA:30,0
DA:38,2
DA:39,16
DA:40,0
DA:44,16
DA:45,16
DA:53,2
DA:54,11
DA:55,0
DA:59,11
DA:60,11
DA:69,2
DA:70,0
DA:72,0
DA:73,0
DA:76,0
DA:77,0
DA:81,0
DA:82,0
DA:85,0
DA:94,2
DA:95,0
DA:96,0
DA:98,0
DA:99,0
DA:102,0
DA:104,0
DA:105,0
DA:115,2
DA:116,0
DA:117,0
DA:118,0
DA:121,0
DA:122,0
DA:124,0
DA:125,0
LF:42
LH:15
BRDA:11,0,0,0
BRDA:11,0,1,16
BRDA:30,1,0,0
BRDA:30,1,1,0
BRDA:39,2,0,0
BRDA:39,2,1,16
BRDA:45,3,0,0
BRDA:45,3,1,16
BRDA:54,4,0,0
BRDA:54,4,1,11
BRDA:60,5,0,11
BRDA:60,5,1,0
BRDA:72,6,0,0
BRDA:72,6,1,0
BRDA:76,7,0,0
BRDA:76,7,1,0
BRDA:81,8,0,0
BRDA:81,8,1,0
BRDA:94,9,0,0
BRDA:98,10,0,0
BRDA:98,10,1,0
BRDA:117,11,0,0
BRDA:117,11,1,0
BRF:23
BRH:5
end_of_record
